{"C:\\Users\\PremMaity\\Desktop\\backend4\\backFinal\\src\\config\\env.ts": {"path":"C:\\Users\\PremMaity\\Desktop\\backend4\\backFinal\\src\\config\\env.ts","statementMap":{"0":{"start":{"line":1,"column":0},"end":{"line":1,"column":33}},"1":{"start":{"line":2,"column":0},"end":{"line":2,"column":16}},"2":{"start":{"line":4,"column":13},"end":{"line":4,"column":61}},"3":{"start":{"line":5,"column":13},"end":{"line":5,"column":53}},"4":{"start":{"line":6,"column":13},"end":{"line":6,"column":44}},"5":{"start":{"line":9,"column":13},"end":{"line":9,"column":69}},"6":{"start":{"line":10,"column":13},"end":{"line":10,"column":33}},"7":{"start":{"line":11,"column":13},"end":{"line":11,"column":46}},"8":{"start":{"line":12,"column":13},"end":{"line":12,"column":53}}},"fnMap":{},"branchMap":{"0":{"loc":{"start":{"line":4,"column":28},"end":{"line":4,"column":60}},"type":"binary-expr","locations":[{"start":{"line":4,"column":28},"end":{"line":4,"column":52}},{"start":{"line":4,"column":56},"end":{"line":4,"column":60}}]},"1":{"loc":{"start":{"line":5,"column":25},"end":{"line":5,"column":52}},"type":"binary-expr","locations":[{"start":{"line":5,"column":25},"end":{"line":5,"column":46}},{"start":{"line":5,"column":50},"end":{"line":5,"column":52}}]},"2":{"loc":{"start":{"line":9,"column":25},"end":{"line":9,"column":68}},"type":"binary-expr","locations":[{"start":{"line":9,"column":25},"end":{"line":9,"column":47}},{"start":{"line":9,"column":49},"end":{"line":9,"column":68}}]}},"s":{"0":4,"1":4,"2":4,"3":4,"4":4,"5":4,"6":4,"7":4,"8":4},"f":{},"b":{"0":[4,4],"1":[4,0],"2":[4,0]}}
,"C:\\Users\\PremMaity\\Desktop\\backend4\\backFinal\\src\\middleware\\auth.ts": {"path":"C:\\Users\\PremMaity\\Desktop\\backend4\\backFinal\\src\\middleware\\auth.ts","statementMap":{"0":{"start":{"line":4,"column":0},"end":{"line":4,"column":16}},"1":{"start":{"line":2,"column":0},"end":{"line":2,"column":43}},"2":{"start":{"line":5,"column":17},"end":{"line":5,"column":61}},"3":{"start":{"line":6,"column":16},"end":{"line":6,"column":69}},"4":{"start":{"line":8,"column":2},"end":{"line":11,"column":3}},"5":{"start":{"line":9,"column":4},"end":{"line":9,"column":71}},"6":{"start":{"line":10,"column":4},"end":{"line":10,"column":11}},"7":{"start":{"line":13,"column":2},"end":{"line":19,"column":3}},"8":{"start":{"line":14,"column":20},"end":{"line":14,"column":38}},"9":{"start":{"line":15,"column":5},"end":{"line":15,"column":53}},"10":{"start":{"line":16,"column":4},"end":{"line":16,"column":11}},"11":{"start":{"line":18,"column":4},"end":{"line":18,"column":71}}},"fnMap":{"0":{"name":"authMiddleware","decl":{"start":{"line":4,"column":16},"end":{"line":4,"column":30}},"loc":{"start":{"line":4,"column":78},"end":{"line":20,"column":1}}}},"branchMap":{"0":{"loc":{"start":{"line":5,"column":18},"end":{"line":5,"column":49}},"type":"binary-expr","locations":[{"start":{"line":5,"column":18},"end":{"line":5,"column":43}},{"start":{"line":5,"column":47},"end":{"line":5,"column":49}}]},"1":{"loc":{"start":{"line":6,"column":16},"end":{"line":6,"column":69}},"type":"cond-expr","locations":[{"start":{"line":6,"column":47},"end":{"line":6,"column":62}},{"start":{"line":6,"column":65},"end":{"line":6,"column":69}}]},"2":{"loc":{"start":{"line":8,"column":2},"end":{"line":11,"column":3}},"type":"if","locations":[{"start":{"line":8,"column":2},"end":{"line":11,"column":3}},{"start":{},"end":{}}]}},"s":{"0":3,"1":3,"2":17,"3":17,"4":17,"5":0,"6":0,"7":17,"8":17,"9":17,"10":17,"11":0},"f":{"0":17},"b":{"0":[17,0],"1":[17,0],"2":[0,17]}}
,"C:\\Users\\PremMaity\\Desktop\\backend4\\backFinal\\src\\middleware\\vendorAuth.ts": {"path":"C:\\Users\\PremMaity\\Desktop\\backend4\\backFinal\\src\\middleware\\vendorAuth.ts","statementMap":{"0":{"start":{"line":5,"column":0},"end":{"line":5,"column":16}},"1":{"start":{"line":2,"column":0},"end":{"line":2,"column":43}},"2":{"start":{"line":6,"column":17},"end":{"line":6,"column":61}},"3":{"start":{"line":7,"column":16},"end":{"line":7,"column":69}},"4":{"start":{"line":9,"column":2},"end":{"line":12,"column":3}},"5":{"start":{"line":10,"column":4},"end":{"line":10,"column":85}},"6":{"start":{"line":11,"column":4},"end":{"line":11,"column":11}},"7":{"start":{"line":14,"column":2},"end":{"line":29,"column":3}},"8":{"start":{"line":15,"column":20},"end":{"line":15,"column":52}},"9":{"start":{"line":18,"column":4},"end":{"line":21,"column":5}},"10":{"start":{"line":19,"column":8},"end":{"line":19,"column":89}},"11":{"start":{"line":20,"column":8},"end":{"line":20,"column":15}},"12":{"start":{"line":24,"column":5},"end":{"line":24,"column":59}},"13":{"start":{"line":25,"column":4},"end":{"line":25,"column":11}},"14":{"start":{"line":28,"column":4},"end":{"line":28,"column":65}}},"fnMap":{"0":{"name":"vendorAuthMiddleware","decl":{"start":{"line":5,"column":16},"end":{"line":5,"column":36}},"loc":{"start":{"line":5,"column":84},"end":{"line":30,"column":1}}}},"branchMap":{"0":{"loc":{"start":{"line":6,"column":18},"end":{"line":6,"column":49}},"type":"binary-expr","locations":[{"start":{"line":6,"column":18},"end":{"line":6,"column":43}},{"start":{"line":6,"column":47},"end":{"line":6,"column":49}}]},"1":{"loc":{"start":{"line":7,"column":16},"end":{"line":7,"column":69}},"type":"cond-expr","locations":[{"start":{"line":7,"column":47},"end":{"line":7,"column":62}},{"start":{"line":7,"column":65},"end":{"line":7,"column":69}}]},"2":{"loc":{"start":{"line":9,"column":2},"end":{"line":12,"column":3}},"type":"if","locations":[{"start":{"line":9,"column":2},"end":{"line":12,"column":3}},{"start":{},"end":{}}]},"3":{"loc":{"start":{"line":18,"column":4},"end":{"line":21,"column":5}},"type":"if","locations":[{"start":{"line":18,"column":4},"end":{"line":21,"column":5}},{"start":{},"end":{}}]},"4":{"loc":{"start":{"line":18,"column":8},"end":{"line":18,"column":55}},"type":"binary-expr","locations":[{"start":{"line":18,"column":8},"end":{"line":18,"column":33}},{"start":{"line":18,"column":37},"end":{"line":18,"column":55}}]}},"s":{"0":1,"1":1,"2":9,"3":9,"4":9,"5":0,"6":0,"7":9,"8":9,"9":9,"10":0,"11":0,"12":9,"13":9,"14":0},"f":{"0":9},"b":{"0":[9,0],"1":[9,0],"2":[0,9],"3":[0,9],"4":[9,9]}}
,"C:\\Users\\PremMaity\\Desktop\\backend4\\backFinal\\src\\routes\\category.ts": {"path":"C:\\Users\\PremMaity\\Desktop\\backend4\\backFinal\\src\\routes\\category.ts","statementMap":{"0":{"start":{"line":1,"column":0},"end":{"line":1,"column":52}},"1":{"start":{"line":2,"column":0},"end":{"line":2,"column":36}},"2":{"start":{"line":5,"column":15},"end":{"line":5,"column":23}},"3":{"start":{"line":7,"column":0},"end":{"line":17,"column":3}},"4":{"start":{"line":7,"column":36},"end":{"line":17,"column":2}},"5":{"start":{"line":8,"column":2},"end":{"line":16,"column":3}},"6":{"start":{"line":9,"column":15},"end":{"line":9,"column":22}},"7":{"start":{"line":10,"column":16},"end":{"line":10,"column":51}},"8":{"start":{"line":11,"column":23},"end":{"line":11,"column":53}},"9":{"start":{"line":12,"column":4},"end":{"line":12,"column":55}},"10":{"start":{"line":14,"column":4},"end":{"line":14,"column":23}},"11":{"start":{"line":15,"column":4},"end":{"line":15,"column":62}},"12":{"start":{"line":19,"column":0},"end":{"line":19,"column":22}}},"fnMap":{"0":{"name":"(anonymous_7)","decl":{"start":{"line":7,"column":16},"end":{"line":7,"column":23}},"loc":{"start":{"line":7,"column":36},"end":{"line":17,"column":2}}},"1":{"name":"(anonymous_8)","decl":{"start":{"line":7,"column":36},"end":{"line":7,"column":null}},"loc":{"start":{"line":7,"column":36},"end":{"line":17,"column":1}}}},"branchMap":{},"s":{"0":1,"1":1,"2":1,"3":1,"4":1,"5":1,"6":1,"7":1,"8":1,"9":1,"10":0,"11":0,"12":1},"f":{"0":1,"1":1},"b":{}}
,"C:\\Users\\PremMaity\\Desktop\\backend4\\backFinal\\src\\routes\\orders.ts": {"path":"C:\\Users\\PremMaity\\Desktop\\backend4\\backFinal\\src\\routes\\orders.ts","statementMap":{"0":{"start":{"line":1,"column":0},"end":{"line":1,"column":52}},"1":{"start":{"line":2,"column":0},"end":{"line":2,"column":36}},"2":{"start":{"line":3,"column":0},"end":{"line":3,"column":52}},"3":{"start":{"line":6,"column":15},"end":{"line":6,"column":23}},"4":{"start":{"line":9,"column":0},"end":{"line":25,"column":3}},"5":{"start":{"line":9,"column":70},"end":{"line":25,"column":2}},"6":{"start":{"line":10,"column":2},"end":{"line":24,"column":3}},"7":{"start":{"line":11,"column":29},"end":{"line":11,"column":53}},"8":{"start":{"line":12,"column":15},"end":{"line":12,"column":22}},"9":{"start":{"line":13,"column":22},"end":{"line":13,"column":55}},"10":{"start":{"line":16,"column":19},"end":{"line":16,"column":86}},"11":{"start":{"line":19,"column":4},"end":{"line":19,"column":47}},"12":{"start":{"line":22,"column":4},"end":{"line":22,"column":23}},"13":{"start":{"line":23,"column":4},"end":{"line":23,"column":62}},"14":{"start":{"line":27,"column":0},"end":{"line":27,"column":22}}},"fnMap":{"0":{"name":"(anonymous_7)","decl":{"start":{"line":9,"column":32},"end":{"line":9,"column":39}},"loc":{"start":{"line":9,"column":70},"end":{"line":25,"column":2}}},"1":{"name":"(anonymous_8)","decl":{"start":{"line":9,"column":70},"end":{"line":9,"column":null}},"loc":{"start":{"line":9,"column":70},"end":{"line":25,"column":1}}}},"branchMap":{},"s":{"0":1,"1":1,"2":1,"3":1,"4":1,"5":2,"6":2,"7":2,"8":2,"9":2,"10":2,"11":2,"12":0,"13":0,"14":1},"f":{"0":2,"1":2},"b":{}}
,"C:\\Users\\PremMaity\\Desktop\\backend4\\backFinal\\src\\routes\\products.ts": {"path":"C:\\Users\\PremMaity\\Desktop\\backend4\\backFinal\\src\\routes\\products.ts","statementMap":{"0":{"start":{"line":1,"column":0},"end":{"line":1,"column":52}},"1":{"start":{"line":2,"column":0},"end":{"line":2,"column":36}},"2":{"start":{"line":4,"column":0},"end":{"line":4,"column":44}},"3":{"start":{"line":6,"column":15},"end":{"line":6,"column":23}},"4":{"start":{"line":7,"column":21},"end":{"line":7,"column":64}},"5":{"start":{"line":9,"column":0},"end":{"line":62,"column":3}},"6":{"start":{"line":9,"column":54},"end":{"line":62,"column":2}},"7":{"start":{"line":10,"column":2},"end":{"line":61,"column":3}},"8":{"start":{"line":11,"column":15},"end":{"line":11,"column":22}},"9":{"start":{"line":12,"column":16},"end":{"line":12,"column":51}},"10":{"start":{"line":14,"column":15},"end":{"line":14,"column":42}},"11":{"start":{"line":15,"column":16},"end":{"line":15,"column":45}},"12":{"start":{"line":16,"column":21},"end":{"line":16,"column":61}},"13":{"start":{"line":17,"column":15},"end":{"line":17,"column":51}},"14":{"start":{"line":19,"column":4},"end":{"line":19,"column":53}},"15":{"start":{"line":19,"column":44},"end":{"line":19,"column":53}},"16":{"start":{"line":20,"column":4},"end":{"line":20,"column":57}},"17":{"start":{"line":20,"column":46},"end":{"line":20,"column":57}},"18":{"start":{"line":21,"column":4},"end":{"line":21,"column":33}},"19":{"start":{"line":21,"column":21},"end":{"line":21,"column":33}},"20":{"start":{"line":25,"column":36},"end":{"line":25,"column":38}},"21":{"start":{"line":26,"column":4},"end":{"line":26,"column":44}},"22":{"start":{"line":26,"column":18},"end":{"line":26,"column":44}},"23":{"start":{"line":28,"column":28},"end":{"line":28,"column":32}},"24":{"start":{"line":29,"column":28},"end":{"line":29,"column":29}},"25":{"start":{"line":31,"column":4},"end":{"line":43,"column":5}},"26":{"start":{"line":32,"column":6},"end":{"line":32,"column":25}},"27":{"start":{"line":33,"column":6},"end":{"line":38,"column":7}},"28":{"start":{"line":34,"column":8},"end":{"line":34,"column":34}},"29":{"start":{"line":35,"column":8},"end":{"line":35,"column":23}},"30":{"start":{"line":37,"column":8},"end":{"line":37,"column":25}},"31":{"start":{"line":39,"column":6},"end":{"line":42,"column":7}},"32":{"start":{"line":40,"column":8},"end":{"line":40,"column":78}},"33":{"start":{"line":41,"column":8},"end":{"line":41,"column":15}},"34":{"start":{"line":45,"column":18},"end":{"line":45,"column":49}},"35":{"start":{"line":46,"column":24},"end":{"line":46,"column":61}},"36":{"start":{"line":47,"column":17},"end":{"line":47,"column":35}},"37":{"start":{"line":49,"column":21},"end":{"line":55,"column":16}},"38":{"start":{"line":54,"column":20},"end":{"line":54,"column":54}},"39":{"start":{"line":57,"column":4},"end":{"line":57,"column":67}},"40":{"start":{"line":59,"column":4},"end":{"line":59,"column":23}},"41":{"start":{"line":60,"column":4},"end":{"line":60,"column":62}},"42":{"start":{"line":64,"column":2},"end":{"line":105,"column":3}},"43":{"start":{"line":64,"column":62},"end":{"line":105,"column":2}},"44":{"start":{"line":65,"column":2},"end":{"line":103,"column":3}},"45":{"start":{"line":66,"column":15},"end":{"line":66,"column":22}},"46":{"start":{"line":67,"column":16},"end":{"line":67,"column":51}},"47":{"start":{"line":69,"column":23},"end":{"line":69,"column":62}},"48":{"start":{"line":70,"column":4},"end":{"line":73,"column":5}},"49":{"start":{"line":71,"column":6},"end":{"line":71,"column":74}},"50":{"start":{"line":72,"column":6},"end":{"line":72,"column":13}},"51":{"start":{"line":75,"column":15},"end":{"line":75,"column":42}},"52":{"start":{"line":76,"column":16},"end":{"line":76,"column":45}},"53":{"start":{"line":77,"column":4},"end":{"line":77,"column":53}},"54":{"start":{"line":77,"column":44},"end":{"line":77,"column":53}},"55":{"start":{"line":78,"column":4},"end":{"line":78,"column":57}},"56":{"start":{"line":78,"column":46},"end":{"line":78,"column":57}},"57":{"start":{"line":79,"column":4},"end":{"line":79,"column":33}},"58":{"start":{"line":79,"column":21},"end":{"line":79,"column":33}},"59":{"start":{"line":81,"column":18},"end":{"line":86,"column":6}},"60":{"start":{"line":88,"column":18},"end":{"line":88,"column":49}},"61":{"start":{"line":89,"column":24},"end":{"line":89,"column":61}},"62":{"start":{"line":90,"column":17},"end":{"line":90,"column":35}},"63":{"start":{"line":92,"column":21},"end":{"line":97,"column":16}},"64":{"start":{"line":96,"column":20},"end":{"line":96,"column":54}},"65":{"start":{"line":99,"column":4},"end":{"line":99,"column":67}},"66":{"start":{"line":101,"column":4},"end":{"line":101,"column":23}},"67":{"start":{"line":102,"column":4},"end":{"line":102,"column":62}},"68":{"start":{"line":108,"column":0},"end":{"line":179,"column":3}},"69":{"start":{"line":108,"column":47},"end":{"line":179,"column":2}},"70":{"start":{"line":109,"column":2},"end":{"line":178,"column":3}},"71":{"start":{"line":110,"column":19},"end":{"line":110,"column":47}},"72":{"start":{"line":111,"column":25},"end":{"line":111,"column":56}},"73":{"start":{"line":113,"column":23},"end":{"line":113,"column":62}},"74":{"start":{"line":114,"column":4},"end":{"line":116,"column":5}},"75":{"start":{"line":115,"column":6},"end":{"line":115,"column":81}},"76":{"start":{"line":118,"column":21},"end":{"line":126,"column":16}},"77":{"start":{"line":120,"column":20},"end":{"line":125,"column":9}},"78":{"start":{"line":128,"column":28},"end":{"line":133,"column":17}},"79":{"start":{"line":131,"column":10},"end":{"line":131,"column":86}},"80":{"start":{"line":135,"column":15},"end":{"line":135,"column":70}},"81":{"start":{"line":137,"column":21},"end":{"line":140,"column":6}},"82":{"start":{"line":142,"column":23},"end":{"line":142,"column":81}},"83":{"start":{"line":144,"column":4},"end":{"line":146,"column":5}},"84":{"start":{"line":145,"column":6},"end":{"line":145,"column":52}},"85":{"start":{"line":148,"column":19},"end":{"line":151,"column":34}},"86":{"start":{"line":150,"column":18},"end":{"line":150,"column":26}},"87":{"start":{"line":151,"column":21},"end":{"line":151,"column":33}},"88":{"start":{"line":153,"column":4},"end":{"line":155,"column":5}},"89":{"start":{"line":154,"column":6},"end":{"line":154,"column":67}},"90":{"start":{"line":157,"column":28},"end":{"line":159,"column":16}},"91":{"start":{"line":161,"column":4},"end":{"line":163,"column":5}},"92":{"start":{"line":162,"column":6},"end":{"line":162,"column":99}},"93":{"start":{"line":166,"column":30},"end":{"line":169,"column":6}},"94":{"start":{"line":167,"column":31},"end":{"line":167,"column":35}},"95":{"start":{"line":167,"column":26},"end":{"line":167,"column":31}},"96":{"start":{"line":168,"column":6},"end":{"line":168,"column":56}},"97":{"start":{"line":171,"column":4},"end":{"line":174,"column":7}},"98":{"start":{"line":176,"column":4},"end":{"line":176,"column":48}},"99":{"start":{"line":177,"column":4},"end":{"line":177,"column":69}},"100":{"start":{"line":183,"column":0},"end":{"line":206,"column":3}},"101":{"start":{"line":183,"column":65},"end":{"line":206,"column":2}},"102":{"start":{"line":184,"column":2},"end":{"line":205,"column":3}},"103":{"start":{"line":185,"column":15},"end":{"line":185,"column":22}},"104":{"start":{"line":186,"column":16},"end":{"line":186,"column":51}},"105":{"start":{"line":188,"column":23},"end":{"line":188,"column":52}},"106":{"start":{"line":189,"column":4},"end":{"line":192,"column":5}},"107":{"start":{"line":190,"column":6},"end":{"line":190,"column":85}},"108":{"start":{"line":191,"column":6},"end":{"line":191,"column":13}},"109":{"start":{"line":194,"column":20},"end":{"line":194,"column":57}},"110":{"start":{"line":195,"column":4},"end":{"line":198,"column":5}},"111":{"start":{"line":196,"column":6},"end":{"line":196,"column":74}},"112":{"start":{"line":197,"column":6},"end":{"line":197,"column":13}},"113":{"start":{"line":200,"column":5},"end":{"line":200,"column":47}},"114":{"start":{"line":201,"column":4},"end":{"line":201,"column":22}},"115":{"start":{"line":203,"column":4},"end":{"line":203,"column":23}},"116":{"start":{"line":204,"column":4},"end":{"line":204,"column":62}},"117":{"start":{"line":210,"column":0},"end":{"line":210,"column":22}}},"fnMap":{"0":{"name":"(anonymous_8)","decl":{"start":{"line":9,"column":16},"end":{"line":9,"column":23}},"loc":{"start":{"line":9,"column":54},"end":{"line":62,"column":2}}},"1":{"name":"(anonymous_9)","decl":{"start":{"line":9,"column":54},"end":{"line":9,"column":null}},"loc":{"start":{"line":9,"column":54},"end":{"line":62,"column":1}}},"2":{"name":"(anonymous_10)","decl":{"start":{"line":54,"column":11},"end":{"line":54,"column":12}},"loc":{"start":{"line":54,"column":20},"end":{"line":54,"column":54}}},"3":{"name":"(anonymous_11)","decl":{"start":{"line":64,"column":24},"end":{"line":64,"column":31}},"loc":{"start":{"line":64,"column":62},"end":{"line":105,"column":2}}},"4":{"name":"(anonymous_12)","decl":{"start":{"line":64,"column":62},"end":{"line":64,"column":null}},"loc":{"start":{"line":64,"column":62},"end":{"line":105,"column":1}}},"5":{"name":"(anonymous_13)","decl":{"start":{"line":96,"column":11},"end":{"line":96,"column":12}},"loc":{"start":{"line":96,"column":20},"end":{"line":96,"column":54}}},"6":{"name":"(anonymous_14)","decl":{"start":{"line":108,"column":28},"end":{"line":108,"column":35}},"loc":{"start":{"line":108,"column":47},"end":{"line":179,"column":2}}},"7":{"name":"(anonymous_15)","decl":{"start":{"line":108,"column":47},"end":{"line":108,"column":null}},"loc":{"start":{"line":108,"column":47},"end":{"line":179,"column":1}}},"8":{"name":"(anonymous_16)","decl":{"start":{"line":120,"column":11},"end":{"line":120,"column":12}},"loc":{"start":{"line":120,"column":19},"end":{"line":125,"column":9}}},"9":{"name":"(anonymous_17)","decl":{"start":{"line":130,"column":8},"end":{"line":130,"column":9}},"loc":{"start":{"line":131,"column":10},"end":{"line":131,"column":86}}},"10":{"name":"(anonymous_18)","decl":{"start":{"line":150,"column":11},"end":{"line":150,"column":12}},"loc":{"start":{"line":150,"column":18},"end":{"line":150,"column":26}}},"11":{"name":"(anonymous_19)","decl":{"start":{"line":151,"column":14},"end":{"line":151,"column":15}},"loc":{"start":{"line":151,"column":21},"end":{"line":151,"column":33}}},"12":{"name":"(anonymous_20)","decl":{"start":{"line":166,"column":50},"end":{"line":166,"column":51}},"loc":{"start":{"line":166,"column":59},"end":{"line":169,"column":5}}},"13":{"name":"(anonymous_21)","decl":{"start":{"line":183,"column":27},"end":{"line":183,"column":34}},"loc":{"start":{"line":183,"column":65},"end":{"line":206,"column":2}}},"14":{"name":"(anonymous_22)","decl":{"start":{"line":183,"column":65},"end":{"line":183,"column":null}},"loc":{"start":{"line":183,"column":65},"end":{"line":206,"column":1}}}},"branchMap":{"0":{"loc":{"start":{"line":14,"column":22},"end":{"line":14,"column":41}},"type":"cond-expr","locations":[{"start":{"line":14,"column":36},"end":{"line":14,"column":40}},{"start":{"line":14,"column":40},"end":{"line":14,"column":41}}]},"1":{"loc":{"start":{"line":14,"column":22},"end":{"line":14,"column":40}},"type":"binary-expr","locations":[{"start":{"line":14,"column":22},"end":{"line":14,"column":40}},{"start":{"line":14,"column":36},"end":{"line":14,"column":40}}]},"2":{"loc":{"start":{"line":15,"column":23},"end":{"line":15,"column":44}},"type":"cond-expr","locations":[{"start":{"line":15,"column":38},"end":{"line":15,"column":42}},{"start":{"line":15,"column":42},"end":{"line":15,"column":44}}]},"3":{"loc":{"start":{"line":15,"column":23},"end":{"line":15,"column":42}},"type":"binary-expr","locations":[{"start":{"line":15,"column":23},"end":{"line":15,"column":42}},{"start":{"line":15,"column":38},"end":{"line":15,"column":42}}]},"4":{"loc":{"start":{"line":19,"column":4},"end":{"line":19,"column":53}},"type":"if","locations":[{"start":{"line":19,"column":4},"end":{"line":19,"column":53}},{"start":{},"end":{}}]},"5":{"loc":{"start":{"line":19,"column":8},"end":{"line":19,"column":42}},"type":"binary-expr","locations":[{"start":{"line":19,"column":8},"end":{"line":19,"column":30}},{"start":{"line":19,"column":34},"end":{"line":19,"column":42}}]},"6":{"loc":{"start":{"line":20,"column":4},"end":{"line":20,"column":57}},"type":"if","locations":[{"start":{"line":20,"column":4},"end":{"line":20,"column":57}},{"start":{},"end":{}}]},"7":{"loc":{"start":{"line":20,"column":8},"end":{"line":20,"column":44}},"type":"binary-expr","locations":[{"start":{"line":20,"column":8},"end":{"line":20,"column":31}},{"start":{"line":20,"column":35},"end":{"line":20,"column":44}}]},"8":{"loc":{"start":{"line":21,"column":4},"end":{"line":21,"column":33}},"type":"if","locations":[{"start":{"line":21,"column":4},"end":{"line":21,"column":33}},{"start":{},"end":{}}]},"9":{"loc":{"start":{"line":26,"column":4},"end":{"line":26,"column":44}},"type":"if","locations":[{"start":{"line":26,"column":4},"end":{"line":26,"column":44}},{"start":{},"end":{}}]},"10":{"loc":{"start":{"line":31,"column":4},"end":{"line":43,"column":5}},"type":"if","locations":[{"start":{"line":31,"column":4},"end":{"line":43,"column":5}},{"start":{},"end":{}}]},"11":{"loc":{"start":{"line":33,"column":6},"end":{"line":38,"column":7}},"type":"if","locations":[{"start":{"line":33,"column":6},"end":{"line":38,"column":7}},{"start":{"line":36,"column":13},"end":{"line":38,"column":7}}]},"12":{"loc":{"start":{"line":39,"column":6},"end":{"line":42,"column":7}},"type":"if","locations":[{"start":{"line":39,"column":6},"end":{"line":42,"column":7}},{"start":{},"end":{}}]},"13":{"loc":{"start":{"line":69,"column":24},"end":{"line":69,"column":50}},"type":"cond-expr","locations":[{"start":{"line":69,"column":44},"end":{"line":69,"column":48}},{"start":{"line":69,"column":48},"end":{"line":69,"column":50}}]},"14":{"loc":{"start":{"line":69,"column":24},"end":{"line":69,"column":48}},"type":"binary-expr","locations":[{"start":{"line":69,"column":24},"end":{"line":69,"column":48}},{"start":{"line":69,"column":44},"end":{"line":69,"column":48}}]},"15":{"loc":{"start":{"line":70,"column":4},"end":{"line":73,"column":5}},"type":"if","locations":[{"start":{"line":70,"column":4},"end":{"line":73,"column":5}},{"start":{},"end":{}}]},"16":{"loc":{"start":{"line":70,"column":8},"end":{"line":70,"column":44}},"type":"binary-expr","locations":[{"start":{"line":70,"column":8},"end":{"line":70,"column":19}},{"start":{"line":70,"column":23},"end":{"line":70,"column":44}}]},"17":{"loc":{"start":{"line":75,"column":22},"end":{"line":75,"column":41}},"type":"cond-expr","locations":[{"start":{"line":75,"column":36},"end":{"line":75,"column":40}},{"start":{"line":75,"column":40},"end":{"line":75,"column":41}}]},"18":{"loc":{"start":{"line":75,"column":22},"end":{"line":75,"column":40}},"type":"binary-expr","locations":[{"start":{"line":75,"column":22},"end":{"line":75,"column":40}},{"start":{"line":75,"column":36},"end":{"line":75,"column":40}}]},"19":{"loc":{"start":{"line":76,"column":23},"end":{"line":76,"column":44}},"type":"cond-expr","locations":[{"start":{"line":76,"column":38},"end":{"line":76,"column":42}},{"start":{"line":76,"column":42},"end":{"line":76,"column":44}}]},"20":{"loc":{"start":{"line":76,"column":23},"end":{"line":76,"column":42}},"type":"binary-expr","locations":[{"start":{"line":76,"column":23},"end":{"line":76,"column":42}},{"start":{"line":76,"column":38},"end":{"line":76,"column":42}}]},"21":{"loc":{"start":{"line":77,"column":4},"end":{"line":77,"column":53}},"type":"if","locations":[{"start":{"line":77,"column":4},"end":{"line":77,"column":53}},{"start":{},"end":{}}]},"22":{"loc":{"start":{"line":77,"column":8},"end":{"line":77,"column":42}},"type":"binary-expr","locations":[{"start":{"line":77,"column":8},"end":{"line":77,"column":30}},{"start":{"line":77,"column":34},"end":{"line":77,"column":42}}]},"23":{"loc":{"start":{"line":78,"column":4},"end":{"line":78,"column":57}},"type":"if","locations":[{"start":{"line":78,"column":4},"end":{"line":78,"column":57}},{"start":{},"end":{}}]},"24":{"loc":{"start":{"line":78,"column":8},"end":{"line":78,"column":44}},"type":"binary-expr","locations":[{"start":{"line":78,"column":8},"end":{"line":78,"column":31}},{"start":{"line":78,"column":35},"end":{"line":78,"column":44}}]},"25":{"loc":{"start":{"line":79,"column":4},"end":{"line":79,"column":33}},"type":"if","locations":[{"start":{"line":79,"column":4},"end":{"line":79,"column":33}},{"start":{},"end":{}}]},"26":{"loc":{"start":{"line":113,"column":24},"end":{"line":113,"column":50}},"type":"cond-expr","locations":[{"start":{"line":113,"column":44},"end":{"line":113,"column":48}},{"start":{"line":113,"column":48},"end":{"line":113,"column":50}}]},"27":{"loc":{"start":{"line":113,"column":24},"end":{"line":113,"column":48}},"type":"binary-expr","locations":[{"start":{"line":113,"column":24},"end":{"line":113,"column":48}},{"start":{"line":113,"column":44},"end":{"line":113,"column":48}}]},"28":{"loc":{"start":{"line":114,"column":4},"end":{"line":116,"column":5}},"type":"if","locations":[{"start":{"line":114,"column":4},"end":{"line":116,"column":5}},{"start":{},"end":{}}]},"29":{"loc":{"start":{"line":114,"column":8},"end":{"line":114,"column":44}},"type":"binary-expr","locations":[{"start":{"line":114,"column":8},"end":{"line":114,"column":19}},{"start":{"line":114,"column":23},"end":{"line":114,"column":44}}]},"30":{"loc":{"start":{"line":121,"column":12},"end":{"line":121,"column":47}},"type":"cond-expr","locations":[{"start":{"line":121,"column":41},"end":{"line":121,"column":45}},{"start":{"line":121,"column":45},"end":{"line":121,"column":47}}]},"31":{"loc":{"start":{"line":121,"column":12},"end":{"line":121,"column":45}},"type":"binary-expr","locations":[{"start":{"line":121,"column":12},"end":{"line":121,"column":45}},{"start":{"line":121,"column":41},"end":{"line":121,"column":45}}]},"32":{"loc":{"start":{"line":121,"column":12},"end":{"line":121,"column":41}},"type":"cond-expr","locations":[{"start":{"line":121,"column":18},"end":{"line":121,"column":22}},{"start":{"line":121,"column":22},"end":{"line":121,"column":41}}]},"33":{"loc":{"start":{"line":121,"column":12},"end":{"line":121,"column":22}},"type":"binary-expr","locations":[{"start":{"line":121,"column":12},"end":{"line":121,"column":22}},{"start":{"line":121,"column":18},"end":{"line":121,"column":22}}]},"34":{"loc":{"start":{"line":121,"column":22},"end":{"line":121,"column":41}},"type":"cond-expr","locations":[{"start":{"line":121,"column":29},"end":{"line":121,"column":31}},{"start":{"line":121,"column":29},"end":{"line":121,"column":41}}]},"35":{"loc":{"start":{"line":121,"column":22},"end":{"line":121,"column":31}},"type":"binary-expr","locations":[{"start":{"line":121,"column":22},"end":{"line":121,"column":31}},{"start":{"line":121,"column":29},"end":{"line":121,"column":31}}]},"36":{"loc":{"start":{"line":122,"column":15},"end":{"line":122,"column":30}},"type":"cond-expr","locations":[{"start":{"line":122,"column":24},"end":{"line":122,"column":28}},{"start":{"line":122,"column":28},"end":{"line":122,"column":30}}]},"37":{"loc":{"start":{"line":122,"column":15},"end":{"line":122,"column":28}},"type":"binary-expr","locations":[{"start":{"line":122,"column":15},"end":{"line":122,"column":28}},{"start":{"line":122,"column":24},"end":{"line":122,"column":28}}]},"38":{"loc":{"start":{"line":123,"column":15},"end":{"line":123,"column":30}},"type":"cond-expr","locations":[{"start":{"line":123,"column":24},"end":{"line":123,"column":28}},{"start":{"line":123,"column":28},"end":{"line":123,"column":30}}]},"39":{"loc":{"start":{"line":123,"column":15},"end":{"line":123,"column":28}},"type":"binary-expr","locations":[{"start":{"line":123,"column":15},"end":{"line":123,"column":28}},{"start":{"line":123,"column":24},"end":{"line":123,"column":28}}]},"40":{"loc":{"start":{"line":124,"column":18},"end":{"line":124,"column":36}},"type":"cond-expr","locations":[{"start":{"line":124,"column":30},"end":{"line":124,"column":34}},{"start":{"line":124,"column":34},"end":{"line":124,"column":36}}]},"41":{"loc":{"start":{"line":124,"column":18},"end":{"line":124,"column":34}},"type":"binary-expr","locations":[{"start":{"line":124,"column":18},"end":{"line":124,"column":34}},{"start":{"line":124,"column":30},"end":{"line":124,"column":34}}]},"42":{"loc":{"start":{"line":142,"column":23},"end":{"line":142,"column":81}},"type":"binary-expr","locations":[{"start":{"line":142,"column":23},"end":{"line":142,"column":75}},{"start":{"line":142,"column":79},"end":{"line":142,"column":81}}]},"43":{"loc":{"start":{"line":142,"column":23},"end":{"line":142,"column":75}},"type":"cond-expr","locations":[{"start":{"line":142,"column":69},"end":{"line":142,"column":71}},{"start":{"line":142,"column":69},"end":{"line":142,"column":75}}]},"44":{"loc":{"start":{"line":142,"column":23},"end":{"line":142,"column":71}},"type":"binary-expr","locations":[{"start":{"line":142,"column":23},"end":{"line":142,"column":71}},{"start":{"line":142,"column":69},"end":{"line":142,"column":71}}]},"45":{"loc":{"start":{"line":142,"column":23},"end":{"line":142,"column":69}},"type":"cond-expr","locations":[{"start":{"line":142,"column":64},"end":{"line":142,"column":67}},{"start":{"line":142,"column":64},"end":{"line":142,"column":69}}]},"46":{"loc":{"start":{"line":142,"column":23},"end":{"line":142,"column":67}},"type":"binary-expr","locations":[{"start":{"line":142,"column":23},"end":{"line":142,"column":67}},{"start":{"line":142,"column":64},"end":{"line":142,"column":67}}]},"47":{"loc":{"start":{"line":142,"column":23},"end":{"line":142,"column":64}},"type":"cond-expr","locations":[{"start":{"line":142,"column":57},"end":{"line":142,"column":59}},{"start":{"line":142,"column":57},"end":{"line":142,"column":64}}]},"48":{"loc":{"start":{"line":142,"column":23},"end":{"line":142,"column":59}},"type":"binary-expr","locations":[{"start":{"line":142,"column":23},"end":{"line":142,"column":59}},{"start":{"line":142,"column":57},"end":{"line":142,"column":59}}]},"49":{"loc":{"start":{"line":142,"column":23},"end":{"line":142,"column":57}},"type":"cond-expr","locations":[{"start":{"line":142,"column":48},"end":{"line":142,"column":50}},{"start":{"line":142,"column":48},"end":{"line":142,"column":57}}]},"50":{"loc":{"start":{"line":142,"column":23},"end":{"line":142,"column":50}},"type":"binary-expr","locations":[{"start":{"line":142,"column":23},"end":{"line":142,"column":50}},{"start":{"line":142,"column":48},"end":{"line":142,"column":50}}]},"51":{"loc":{"start":{"line":142,"column":23},"end":{"line":142,"column":48}},"type":"cond-expr","locations":[{"start":{"line":142,"column":43},"end":{"line":142,"column":46}},{"start":{"line":142,"column":43},"end":{"line":142,"column":48}}]},"52":{"loc":{"start":{"line":142,"column":23},"end":{"line":142,"column":46}},"type":"binary-expr","locations":[{"start":{"line":142,"column":23},"end":{"line":142,"column":46}},{"start":{"line":142,"column":43},"end":{"line":142,"column":46}}]},"53":{"loc":{"start":{"line":142,"column":23},"end":{"line":142,"column":43}},"type":"cond-expr","locations":[{"start":{"line":142,"column":31},"end":{"line":142,"column":33}},{"start":{"line":142,"column":23},"end":{"line":142,"column":43}}]},"54":{"loc":{"start":{"line":142,"column":23},"end":{"line":142,"column":33}},"type":"binary-expr","locations":[{"start":{"line":142,"column":23},"end":{"line":142,"column":33}},{"start":{"line":142,"column":23},"end":{"line":142,"column":33}}]},"55":{"loc":{"start":{"line":144,"column":4},"end":{"line":146,"column":5}},"type":"if","locations":[{"start":{"line":144,"column":4},"end":{"line":146,"column":5}},{"start":{},"end":{}}]},"56":{"loc":{"start":{"line":153,"column":4},"end":{"line":155,"column":5}},"type":"if","locations":[{"start":{"line":153,"column":4},"end":{"line":155,"column":5}},{"start":{},"end":{}}]},"57":{"loc":{"start":{"line":161,"column":4},"end":{"line":163,"column":5}},"type":"if","locations":[{"start":{"line":161,"column":4},"end":{"line":163,"column":5}},{"start":{},"end":{}}]},"58":{"loc":{"start":{"line":168,"column":29},"end":{"line":168,"column":53}},"type":"cond-expr","locations":[{"start":{"line":168,"column":46},"end":{"line":168,"column":50}},{"start":{"line":168,"column":50},"end":{"line":168,"column":53}}]},"59":{"loc":{"start":{"line":168,"column":29},"end":{"line":168,"column":50}},"type":"binary-expr","locations":[{"start":{"line":168,"column":29},"end":{"line":168,"column":50}},{"start":{"line":168,"column":46},"end":{"line":168,"column":50}}]},"60":{"loc":{"start":{"line":168,"column":29},"end":{"line":168,"column":46}},"type":"cond-expr","locations":[{"start":{"line":168,"column":42},"end":{"line":168,"column":46}},{"start":{"line":168,"column":42},"end":{"line":168,"column":46}}]},"61":{"loc":{"start":{"line":168,"column":29},"end":{"line":168,"column":46}},"type":"binary-expr","locations":[{"start":{"line":168,"column":29},"end":{"line":168,"column":46}},{"start":{"line":168,"column":42},"end":{"line":168,"column":46}}]},"62":{"loc":{"start":{"line":168,"column":29},"end":{"line":168,"column":42}},"type":"cond-expr","locations":[{"start":{"line":168,"column":32},"end":{"line":168,"column":34}},{"start":{"line":168,"column":29},"end":{"line":168,"column":42}}]},"63":{"loc":{"start":{"line":168,"column":29},"end":{"line":168,"column":34}},"type":"binary-expr","locations":[{"start":{"line":168,"column":29},"end":{"line":168,"column":34}},{"start":{"line":168,"column":29},"end":{"line":168,"column":34}}]},"64":{"loc":{"start":{"line":189,"column":4},"end":{"line":192,"column":5}},"type":"if","locations":[{"start":{"line":189,"column":4},"end":{"line":192,"column":5}},{"start":{},"end":{}}]},"65":{"loc":{"start":{"line":195,"column":4},"end":{"line":198,"column":5}},"type":"if","locations":[{"start":{"line":195,"column":4},"end":{"line":198,"column":5}},{"start":{},"end":{}}]}},"s":{"0":1,"1":1,"2":1,"3":1,"4":1,"5":1,"6":4,"7":4,"8":4,"9":4,"10":4,"11":4,"12":4,"13":4,"14":4,"15":0,"16":4,"17":0,"18":4,"19":0,"20":4,"21":4,"22":1,"23":4,"24":4,"25":4,"26":2,"27":2,"28":1,"29":1,"30":1,"31":2,"32":1,"33":1,"34":3,"35":3,"36":3,"37":3,"38":8,"39":3,"40":0,"41":0,"42":1,"43":2,"44":2,"45":2,"46":2,"47":2,"48":2,"49":1,"50":1,"51":1,"52":1,"53":1,"54":0,"55":1,"56":0,"57":1,"58":0,"59":1,"60":1,"61":1,"62":1,"63":1,"64":1,"65":1,"66":0,"67":0,"68":1,"69":3,"70":3,"71":3,"72":3,"73":3,"74":3,"75":1,"76":2,"77":2,"78":2,"79":2,"80":2,"81":2,"82":2,"83":2,"84":1,"85":1,"86":2,"87":2,"88":1,"89":0,"90":1,"91":1,"92":0,"93":1,"94":2,"95":2,"96":2,"97":1,"98":0,"99":0,"100":1,"101":3,"102":3,"103":3,"104":3,"105":3,"106":3,"107":1,"108":1,"109":2,"110":2,"111":1,"112":1,"113":1,"114":1,"115":0,"116":0,"117":1},"f":{"0":4,"1":4,"2":8,"3":2,"4":2,"5":1,"6":3,"7":3,"8":2,"9":2,"10":2,"11":2,"12":2,"13":3,"14":3},"b":{"0":[0,4],"1":[4,4],"2":[0,4],"3":[4,4],"4":[0,4],"5":[4,4],"6":[0,4],"7":[4,4],"8":[0,4],"9":[1,3],"10":[2,2],"11":[1,1],"12":[1,1],"13":[1,1],"14":[2,2],"15":[1,1],"16":[2,1],"17":[0,1],"18":[1,1],"19":[0,1],"20":[1,1],"21":[0,1],"22":[1,1],"23":[0,1],"24":[1,1],"25":[0,1],"26":[2,1],"27":[3,3],"28":[1,2],"29":[3,2],"30":[2,0],"31":[2,2],"32":[2,0],"33":[2,2],"34":[0,0],"35":[0,0],"36":[2,0],"37":[2,2],"38":[2,0],"39":[2,2],"40":[2,0],"41":[2,2],"42":[2,1],"43":[0,2],"44":[2,2],"45":[0,2],"46":[2,2],"47":[0,2],"48":[2,2],"49":[0,2],"50":[2,2],"51":[0,2],"52":[2,2],"53":[0,2],"54":[2,2],"55":[1,1],"56":[0,1],"57":[0,1],"58":[2,0],"59":[2,2],"60":[0,2],"61":[2,2],"62":[0,2],"63":[2,2],"64":[1,2],"65":[1,1]}}
,"C:\\Users\\PremMaity\\Desktop\\backend4\\backFinal\\src\\routes\\users.ts": {"path":"C:\\Users\\PremMaity\\Desktop\\backend4\\backFinal\\src\\routes\\users.ts","statementMap":{"0":{"start":{"line":1,"column":0},"end":{"line":1,"column":52}},"1":{"start":{"line":2,"column":0},"end":{"line":2,"column":30}},"2":{"start":{"line":3,"column":0},"end":{"line":3,"column":36}},"3":{"start":{"line":4,"column":0},"end":{"line":4,"column":36}},"4":{"start":{"line":5,"column":0},"end":{"line":5,"column":82}},"5":{"start":{"line":7,"column":0},"end":{"line":7,"column":35}},"6":{"start":{"line":8,"column":0},"end":{"line":8,"column":52}},"7":{"start":{"line":10,"column":15},"end":{"line":10,"column":23}},"8":{"start":{"line":16,"column":0},"end":{"line":69,"column":2}},"9":{"start":{"line":18,"column":144},"end":{"line":68,"column":null}},"10":{"start":{"line":19,"column":4},"end":{"line":67,"column":5}},"11":{"start":{"line":20,"column":58},"end":{"line":20,"column":72}},"12":{"start":{"line":22,"column":6},"end":{"line":24,"column":7}},"13":{"start":{"line":23,"column":8},"end":{"line":23,"column":126}},"14":{"start":{"line":26,"column":22},"end":{"line":26,"column":35}},"15":{"start":{"line":27,"column":6},"end":{"line":29,"column":7}},"16":{"start":{"line":28,"column":10},"end":{"line":28,"column":123}},"17":{"start":{"line":31,"column":17},"end":{"line":31,"column":24}},"18":{"start":{"line":32,"column":20},"end":{"line":32,"column":51}},"19":{"start":{"line":34,"column":26},"end":{"line":34,"column":56}},"20":{"start":{"line":35,"column":6},"end":{"line":37,"column":7}},"21":{"start":{"line":36,"column":8},"end":{"line":36,"column":76}},"22":{"start":{"line":38,"column":29},"end":{"line":38,"column":62}},"23":{"start":{"line":39,"column":6},"end":{"line":41,"column":7}},"24":{"start":{"line":40,"column":8},"end":{"line":40,"column":66}},"25":{"start":{"line":43,"column":21},"end":{"line":43,"column":50}},"26":{"start":{"line":44,"column":22},"end":{"line":44,"column":34}},"27":{"start":{"line":46,"column":31},"end":{"line":60,"column":8}},"28":{"start":{"line":62,"column":6},"end":{"line":62,"column":37}},"29":{"start":{"line":63,"column":6},"end":{"line":63,"column":81}},"30":{"start":{"line":65,"column":6},"end":{"line":65,"column":25}},"31":{"start":{"line":66,"column":6},"end":{"line":66,"column":64}},"32":{"start":{"line":72,"column":0},"end":{"line":86,"column":3}},"33":{"start":{"line":72,"column":79},"end":{"line":86,"column":2}},"34":{"start":{"line":73,"column":4},"end":{"line":85,"column":5}},"35":{"start":{"line":74,"column":25},"end":{"line":74,"column":49}},"36":{"start":{"line":75,"column":19},"end":{"line":75,"column":26}},"37":{"start":{"line":76,"column":21},"end":{"line":76,"column":79}},"38":{"start":{"line":78,"column":8},"end":{"line":80,"column":9}},"39":{"start":{"line":79,"column":12},"end":{"line":79,"column":70}},"40":{"start":{"line":81,"column":8},"end":{"line":81,"column":39}},"41":{"start":{"line":83,"column":8},"end":{"line":83,"column":27}},"42":{"start":{"line":84,"column":8},"end":{"line":84,"column":66}},"43":{"start":{"line":89,"column":0},"end":{"line":115,"column":3}},"44":{"start":{"line":89,"column":102},"end":{"line":115,"column":2}},"45":{"start":{"line":90,"column":4},"end":{"line":114,"column":5}},"46":{"start":{"line":91,"column":25},"end":{"line":91,"column":49}},"47":{"start":{"line":92,"column":28},"end":{"line":92,"column":36}},"48":{"start":{"line":94,"column":8},"end":{"line":96,"column":9}},"49":{"start":{"line":95,"column":12},"end":{"line":95,"column":93}},"50":{"start":{"line":98,"column":24},"end":{"line":101,"column":null}},"51":{"start":{"line":104,"column":19},"end":{"line":104,"column":26}},"52":{"start":{"line":105,"column":8},"end":{"line":108,"column":10}},"53":{"start":{"line":110,"column":8},"end":{"line":110,"column":93}},"54":{"start":{"line":112,"column":8},"end":{"line":112,"column":27}},"55":{"start":{"line":113,"column":8},"end":{"line":113,"column":66}},"56":{"start":{"line":118,"column":0},"end":{"line":155,"column":3}},"57":{"start":{"line":118,"column":131},"end":{"line":155,"column":2}},"58":{"start":{"line":119,"column":4},"end":{"line":154,"column":5}},"59":{"start":{"line":120,"column":25},"end":{"line":120,"column":49}},"60":{"start":{"line":121,"column":30},"end":{"line":121,"column":40}},"61":{"start":{"line":122,"column":35},"end":{"line":122,"column":43}},"62":{"start":{"line":124,"column":19},"end":{"line":124,"column":26}},"63":{"start":{"line":127,"column":21},"end":{"line":127,"column":121}},"64":{"start":{"line":128,"column":32},"end":{"line":128,"column":95}},"65":{"start":{"line":128,"column":61},"end":{"line":128,"column":94}},"66":{"start":{"line":130,"column":8},"end":{"line":132,"column":9}},"67":{"start":{"line":131,"column":12},"end":{"line":131,"column":87}},"68":{"start":{"line":134,"column":23},"end":{"line":143,"column":null}},"69":{"start":{"line":146,"column":8},"end":{"line":148,"column":9}},"70":{"start":{"line":147,"column":12},"end":{"line":147,"column":87}},"71":{"start":{"line":150,"column":8},"end":{"line":150,"column":62}},"72":{"start":{"line":152,"column":8},"end":{"line":152,"column":27}},"73":{"start":{"line":153,"column":8},"end":{"line":153,"column":66}},"74":{"start":{"line":160,"column":0},"end":{"line":176,"column":3}},"75":{"start":{"line":160,"column":116},"end":{"line":176,"column":2}},"76":{"start":{"line":161,"column":4},"end":{"line":175,"column":5}},"77":{"start":{"line":162,"column":25},"end":{"line":162,"column":49}},"78":{"start":{"line":163,"column":30},"end":{"line":163,"column":40}},"79":{"start":{"line":165,"column":19},"end":{"line":165,"column":26}},"80":{"start":{"line":166,"column":8},"end":{"line":169,"column":10}},"81":{"start":{"line":171,"column":8},"end":{"line":171,"column":62}},"82":{"start":{"line":173,"column":8},"end":{"line":173,"column":27}},"83":{"start":{"line":174,"column":8},"end":{"line":174,"column":66}},"84":{"start":{"line":178,"column":0},"end":{"line":206,"column":2}},"85":{"start":{"line":180,"column":87},"end":{"line":205,"column":null}},"86":{"start":{"line":181,"column":4},"end":{"line":204,"column":5}},"87":{"start":{"line":182,"column":34},"end":{"line":182,"column":48}},"88":{"start":{"line":183,"column":6},"end":{"line":185,"column":7}},"89":{"start":{"line":184,"column":8},"end":{"line":184,"column":83}},"90":{"start":{"line":187,"column":17},"end":{"line":187,"column":24}},"91":{"start":{"line":188,"column":19},"end":{"line":188,"column":75}},"92":{"start":{"line":190,"column":6},"end":{"line":192,"column":7}},"93":{"start":{"line":191,"column":8},"end":{"line":191,"column":71}},"94":{"start":{"line":196,"column":34},"end":{"line":196,"column":73}},"95":{"start":{"line":197,"column":27},"end":{"line":197,"column":53}},"96":{"start":{"line":198,"column":28},"end":{"line":198,"column":55}},"97":{"start":{"line":200,"column":6},"end":{"line":200,"column":70}},"98":{"start":{"line":202,"column":6},"end":{"line":202,"column":25}},"99":{"start":{"line":203,"column":6},"end":{"line":203,"column":64}},"100":{"start":{"line":209,"column":0},"end":{"line":238,"column":2}},"101":{"start":{"line":211,"column":21},"end":{"line":237,"column":null}},"102":{"start":{"line":212,"column":4},"end":{"line":236,"column":5}},"103":{"start":{"line":213,"column":32},"end":{"line":213,"column":40}},"104":{"start":{"line":215,"column":6},"end":{"line":217,"column":7}},"105":{"start":{"line":216,"column":8},"end":{"line":216,"column":77}},"106":{"start":{"line":221,"column":22},"end":{"line":221,"column":70}},"107":{"start":{"line":223,"column":6},"end":{"line":225,"column":7}},"108":{"start":{"line":224,"column":8},"end":{"line":224,"column":92}},"109":{"start":{"line":228,"column":38},"end":{"line":228,"column":80}},"110":{"start":{"line":229,"column":27},"end":{"line":229,"column":57}},"111":{"start":{"line":230,"column":26},"end":{"line":230,"column":57}},"112":{"start":{"line":232,"column":6},"end":{"line":232,"column":83}},"113":{"start":{"line":235,"column":6},"end":{"line":235,"column":75}},"114":{"start":{"line":241,"column":0},"end":{"line":260,"column":3}},"115":{"start":{"line":241,"column":77},"end":{"line":260,"column":2}},"116":{"start":{"line":242,"column":4},"end":{"line":259,"column":5}},"117":{"start":{"line":244,"column":25},"end":{"line":244,"column":49}},"118":{"start":{"line":246,"column":19},"end":{"line":246,"column":26}},"119":{"start":{"line":247,"column":21},"end":{"line":247,"column":79}},"120":{"start":{"line":249,"column":8},"end":{"line":251,"column":9}},"121":{"start":{"line":250,"column":12},"end":{"line":250,"column":78}},"122":{"start":{"line":252,"column":45},"end":{"line":252,"column":49}},"123":{"start":{"line":252,"column":40},"end":{"line":252,"column":45}},"124":{"start":{"line":254,"column":8},"end":{"line":254,"column":30}},"125":{"start":{"line":257,"column":8},"end":{"line":257,"column":27}},"126":{"start":{"line":258,"column":8},"end":{"line":258,"column":66}},"127":{"start":{"line":263,"column":0},"end":{"line":263,"column":22}}},"fnMap":{"0":{"name":"(anonymous_9)","decl":{"start":{"line":18,"column":2},"end":{"line":18,"column":9}},"loc":{"start":{"line":18,"column":144},"end":{"line":68,"column":null}}},"1":{"name":"(anonymous_10)","decl":{"start":{"line":18,"column":144},"end":{"line":18,"column":null}},"loc":{"start":{"line":18,"column":144},"end":{"line":68,"column":3}}},"2":{"name":"(anonymous_11)","decl":{"start":{"line":72,"column":41},"end":{"line":72,"column":48}},"loc":{"start":{"line":72,"column":79},"end":{"line":86,"column":2}}},"3":{"name":"(anonymous_12)","decl":{"start":{"line":72,"column":79},"end":{"line":72,"column":null}},"loc":{"start":{"line":72,"column":79},"end":{"line":86,"column":1}}},"4":{"name":"(anonymous_13)","decl":{"start":{"line":89,"column":42},"end":{"line":89,"column":49}},"loc":{"start":{"line":89,"column":102},"end":{"line":115,"column":2}}},"5":{"name":"(anonymous_14)","decl":{"start":{"line":89,"column":102},"end":{"line":89,"column":null}},"loc":{"start":{"line":89,"column":102},"end":{"line":115,"column":1}}},"6":{"name":"(anonymous_15)","decl":{"start":{"line":118,"column":52},"end":{"line":118,"column":59}},"loc":{"start":{"line":118,"column":131},"end":{"line":155,"column":2}}},"7":{"name":"(anonymous_16)","decl":{"start":{"line":118,"column":131},"end":{"line":118,"column":null}},"loc":{"start":{"line":118,"column":131},"end":{"line":155,"column":1}}},"8":{"name":"(anonymous_17)","decl":{"start":{"line":128,"column":53},"end":{"line":128,"column":57}},"loc":{"start":{"line":128,"column":61},"end":{"line":128,"column":94}}},"9":{"name":"(anonymous_18)","decl":{"start":{"line":160,"column":55},"end":{"line":160,"column":62}},"loc":{"start":{"line":160,"column":116},"end":{"line":176,"column":2}}},"10":{"name":"(anonymous_19)","decl":{"start":{"line":160,"column":116},"end":{"line":160,"column":null}},"loc":{"start":{"line":160,"column":116},"end":{"line":176,"column":1}}},"11":{"name":"(anonymous_20)","decl":{"start":{"line":180,"column":2},"end":{"line":180,"column":9}},"loc":{"start":{"line":180,"column":87},"end":{"line":205,"column":null}}},"12":{"name":"(anonymous_21)","decl":{"start":{"line":180,"column":87},"end":{"line":180,"column":null}},"loc":{"start":{"line":180,"column":87},"end":{"line":205,"column":3}}},"13":{"name":"(anonymous_22)","decl":{"start":{"line":211,"column":2},"end":{"line":211,"column":9}},"loc":{"start":{"line":211,"column":21},"end":{"line":237,"column":null}}},"14":{"name":"(anonymous_23)","decl":{"start":{"line":211,"column":21},"end":{"line":211,"column":null}},"loc":{"start":{"line":211,"column":21},"end":{"line":237,"column":3}}},"15":{"name":"(anonymous_24)","decl":{"start":{"line":241,"column":39},"end":{"line":241,"column":46}},"loc":{"start":{"line":241,"column":77},"end":{"line":260,"column":2}}},"16":{"name":"(anonymous_25)","decl":{"start":{"line":241,"column":77},"end":{"line":241,"column":null}},"loc":{"start":{"line":241,"column":77},"end":{"line":260,"column":1}}}},"branchMap":{"0":{"loc":{"start":{"line":20,"column":58},"end":{"line":20,"column":72}},"type":"binary-expr","locations":[{"start":{"line":20,"column":58},"end":{"line":20,"column":66}},{"start":{"line":20,"column":70},"end":{"line":20,"column":72}}]},"1":{"loc":{"start":{"line":22,"column":6},"end":{"line":24,"column":7}},"type":"if","locations":[{"start":{"line":22,"column":6},"end":{"line":24,"column":7}},{"start":{},"end":{}}]},"2":{"loc":{"start":{"line":22,"column":10},"end":{"line":22,"column":159}},"type":"binary-expr","locations":[{"start":{"line":22,"column":10},"end":{"line":22,"column":19}},{"start":{"line":22,"column":23},"end":{"line":22,"column":29}},{"start":{"line":22,"column":33},"end":{"line":22,"column":42}},{"start":{"line":22,"column":46},"end":{"line":22,"column":50}},{"start":{"line":22,"column":54},"end":{"line":22,"column":62}},{"start":{"line":22,"column":66},"end":{"line":22,"column":81}},{"start":{"line":22,"column":85},"end":{"line":22,"column":98}},{"start":{"line":22,"column":102},"end":{"line":22,"column":116}},{"start":{"line":22,"column":120},"end":{"line":22,"column":139}},{"start":{"line":22,"column":143},"end":{"line":22,"column":159}}]},"3":{"loc":{"start":{"line":27,"column":6},"end":{"line":29,"column":7}},"type":"if","locations":[{"start":{"line":27,"column":6},"end":{"line":29,"column":7}},{"start":{},"end":{}}]},"4":{"loc":{"start":{"line":35,"column":6},"end":{"line":37,"column":7}},"type":"if","locations":[{"start":{"line":35,"column":6},"end":{"line":37,"column":7}},{"start":{},"end":{}}]},"5":{"loc":{"start":{"line":39,"column":6},"end":{"line":41,"column":7}},"type":"if","locations":[{"start":{"line":39,"column":6},"end":{"line":41,"column":7}},{"start":{},"end":{}}]},"6":{"loc":{"start":{"line":78,"column":8},"end":{"line":80,"column":9}},"type":"if","locations":[{"start":{"line":78,"column":8},"end":{"line":80,"column":9}},{"start":{},"end":{}}]},"7":{"loc":{"start":{"line":81,"column":17},"end":{"line":81,"column":37}},"type":"binary-expr","locations":[{"start":{"line":81,"column":17},"end":{"line":81,"column":31}},{"start":{"line":81,"column":35},"end":{"line":81,"column":37}}]},"8":{"loc":{"start":{"line":94,"column":8},"end":{"line":96,"column":9}},"type":"if","locations":[{"start":{"line":94,"column":8},"end":{"line":96,"column":9}},{"start":{},"end":{}}]},"9":{"loc":{"start":{"line":94,"column":12},"end":{"line":94,"column":141}},"type":"binary-expr","locations":[{"start":{"line":94,"column":12},"end":{"line":94,"column":24}},{"start":{"line":94,"column":28},"end":{"line":94,"column":47}},{"start":{"line":94,"column":51},"end":{"line":94,"column":68}},{"start":{"line":94,"column":72},"end":{"line":94,"column":90}},{"start":{"line":94,"column":94},"end":{"line":94,"column":117}},{"start":{"line":94,"column":121},"end":{"line":94,"column":141}}]},"10":{"loc":{"start":{"line":128,"column":32},"end":{"line":128,"column":95}},"type":"cond-expr","locations":[{"start":{"line":128,"column":36},"end":{"line":128,"column":38}},{"start":{"line":128,"column":32},"end":{"line":128,"column":95}}]},"11":{"loc":{"start":{"line":128,"column":32},"end":{"line":128,"column":38}},"type":"binary-expr","locations":[{"start":{"line":128,"column":32},"end":{"line":128,"column":38}},{"start":{"line":128,"column":32},"end":{"line":128,"column":38}}]},"12":{"loc":{"start":{"line":130,"column":8},"end":{"line":132,"column":9}},"type":"if","locations":[{"start":{"line":130,"column":8},"end":{"line":132,"column":9}},{"start":{},"end":{}}]},"13":{"loc":{"start":{"line":146,"column":8},"end":{"line":148,"column":9}},"type":"if","locations":[{"start":{"line":146,"column":8},"end":{"line":148,"column":9}},{"start":{},"end":{}}]},"14":{"loc":{"start":{"line":182,"column":34},"end":{"line":182,"column":48}},"type":"binary-expr","locations":[{"start":{"line":182,"column":34},"end":{"line":182,"column":42}},{"start":{"line":182,"column":46},"end":{"line":182,"column":48}}]},"15":{"loc":{"start":{"line":183,"column":6},"end":{"line":185,"column":7}},"type":"if","locations":[{"start":{"line":183,"column":6},"end":{"line":185,"column":7}},{"start":{},"end":{}}]},"16":{"loc":{"start":{"line":183,"column":10},"end":{"line":183,"column":29}},"type":"binary-expr","locations":[{"start":{"line":183,"column":10},"end":{"line":183,"column":16}},{"start":{"line":183,"column":20},"end":{"line":183,"column":29}}]},"17":{"loc":{"start":{"line":190,"column":6},"end":{"line":192,"column":7}},"type":"if","locations":[{"start":{"line":190,"column":6},"end":{"line":192,"column":7}},{"start":{},"end":{}}]},"18":{"loc":{"start":{"line":190,"column":10},"end":{"line":190,"column":63}},"type":"binary-expr","locations":[{"start":{"line":190,"column":10},"end":{"line":190,"column":15}},{"start":{"line":190,"column":19},"end":{"line":190,"column":63}}]},"19":{"loc":{"start":{"line":215,"column":6},"end":{"line":217,"column":7}},"type":"if","locations":[{"start":{"line":215,"column":6},"end":{"line":217,"column":7}},{"start":{},"end":{}}]},"20":{"loc":{"start":{"line":223,"column":6},"end":{"line":225,"column":7}},"type":"if","locations":[{"start":{"line":223,"column":6},"end":{"line":225,"column":7}},{"start":{},"end":{}}]},"21":{"loc":{"start":{"line":223,"column":10},"end":{"line":223,"column":53}},"type":"binary-expr","locations":[{"start":{"line":223,"column":10},"end":{"line":223,"column":33}},{"start":{"line":223,"column":37},"end":{"line":223,"column":53}}]},"22":{"loc":{"start":{"line":249,"column":8},"end":{"line":251,"column":9}},"type":"if","locations":[{"start":{"line":249,"column":8},"end":{"line":251,"column":9}},{"start":{},"end":{}}]}},"s":{"0":3,"1":3,"2":3,"3":3,"4":3,"5":3,"6":3,"7":3,"8":3,"9":17,"10":17,"11":17,"12":17,"13":1,"14":16,"15":16,"16":0,"17":16,"18":16,"19":16,"20":16,"21":1,"22":15,"23":15,"24":0,"25":15,"26":15,"27":15,"28":15,"29":15,"30":0,"31":0,"32":3,"33":5,"34":5,"35":5,"36":5,"37":5,"38":5,"39":0,"40":5,"41":0,"42":0,"43":3,"44":1,"45":1,"46":1,"47":1,"48":1,"49":0,"50":1,"51":1,"52":1,"53":1,"54":0,"55":0,"56":3,"57":1,"58":1,"59":1,"60":1,"61":1,"62":1,"63":1,"64":1,"65":1,"66":1,"67":0,"68":1,"69":1,"70":0,"71":1,"72":0,"73":0,"74":3,"75":1,"76":1,"77":1,"78":1,"79":1,"80":1,"81":1,"82":0,"83":0,"84":3,"85":14,"86":14,"87":14,"88":14,"89":0,"90":14,"91":14,"92":14,"93":1,"94":13,"95":13,"96":13,"97":13,"98":0,"99":0,"100":3,"101":2,"102":2,"103":2,"104":2,"105":1,"106":1,"107":1,"108":0,"109":1,"110":1,"111":1,"112":1,"113":0,"114":3,"115":1,"116":1,"117":1,"118":1,"119":1,"120":1,"121":0,"122":1,"123":1,"124":1,"125":0,"126":0,"127":3},"f":{"0":17,"1":17,"2":5,"3":5,"4":1,"5":1,"6":1,"7":1,"8":1,"9":1,"10":1,"11":14,"12":14,"13":2,"14":2,"15":1,"16":1},"b":{"0":[17,0],"1":[1,16],"2":[17,16,16,16,16,16,16,16,16,16],"3":[0,16],"4":[1,15],"5":[0,15],"6":[0,5],"7":[5,0],"8":[0,1],"9":[1,1,1,1,1,1],"10":[0,1],"11":[1,1],"12":[0,1],"13":[0,1],"14":[14,0],"15":[0,14],"16":[14,14],"17":[1,13],"18":[14,14],"19":[1,1],"20":[0,1],"21":[1,1],"22":[0,1]}}
,"C:\\Users\\PremMaity\\Desktop\\backend4\\backFinal\\src\\routes\\vendors.ts": {"path":"C:\\Users\\PremMaity\\Desktop\\backend4\\backFinal\\src\\routes\\vendors.ts","statementMap":{"0":{"start":{"line":1,"column":0},"end":{"line":1,"column":52}},"1":{"start":{"line":2,"column":0},"end":{"line":2,"column":30}},"2":{"start":{"line":3,"column":0},"end":{"line":3,"column":36}},"3":{"start":{"line":4,"column":0},"end":{"line":4,"column":36}},"4":{"start":{"line":5,"column":0},"end":{"line":5,"column":82}},"5":{"start":{"line":7,"column":0},"end":{"line":7,"column":64}},"6":{"start":{"line":9,"column":15},"end":{"line":9,"column":23}},"7":{"start":{"line":12,"column":0},"end":{"line":42,"column":3}},"8":{"start":{"line":12,"column":132},"end":{"line":42,"column":2}},"9":{"start":{"line":13,"column":4},"end":{"line":41,"column":5}},"10":{"start":{"line":14,"column":49},"end":{"line":14,"column":57}},"11":{"start":{"line":15,"column":8},"end":{"line":17,"column":9}},"12":{"start":{"line":16,"column":12},"end":{"line":16,"column":102}},"13":{"start":{"line":19,"column":19},"end":{"line":19,"column":26}},"14":{"start":{"line":20,"column":24},"end":{"line":20,"column":59}},"15":{"start":{"line":21,"column":31},"end":{"line":21,"column":63}},"16":{"start":{"line":22,"column":8},"end":{"line":24,"column":9}},"17":{"start":{"line":23,"column":12},"end":{"line":23,"column":83}},"18":{"start":{"line":26,"column":26},"end":{"line":26,"column":38}},"19":{"start":{"line":27,"column":31},"end":{"line":27,"column":60}},"20":{"start":{"line":28,"column":37},"end":{"line":34,"column":10}},"21":{"start":{"line":36,"column":8},"end":{"line":36,"column":43}},"22":{"start":{"line":37,"column":8},"end":{"line":37,"column":87}},"23":{"start":{"line":39,"column":8},"end":{"line":39,"column":27}},"24":{"start":{"line":40,"column":8},"end":{"line":40,"column":66}},"25":{"start":{"line":45,"column":0},"end":{"line":67,"column":3}},"26":{"start":{"line":45,"column":107},"end":{"line":67,"column":2}},"27":{"start":{"line":46,"column":4},"end":{"line":66,"column":5}},"28":{"start":{"line":47,"column":36},"end":{"line":47,"column":44}},"29":{"start":{"line":48,"column":8},"end":{"line":50,"column":9}},"30":{"start":{"line":49,"column":12},"end":{"line":49,"column":87}},"31":{"start":{"line":52,"column":19},"end":{"line":52,"column":26}},"32":{"start":{"line":53,"column":23},"end":{"line":53,"column":83}},"33":{"start":{"line":54,"column":8},"end":{"line":56,"column":9}},"34":{"start":{"line":55,"column":12},"end":{"line":55,"column":75}},"35":{"start":{"line":58,"column":24},"end":{"line":58,"column":80}},"36":{"start":{"line":59,"column":29},"end":{"line":59,"column":55}},"37":{"start":{"line":60,"column":30},"end":{"line":60,"column":57}},"38":{"start":{"line":62,"column":8},"end":{"line":62,"column":72}},"39":{"start":{"line":64,"column":8},"end":{"line":64,"column":27}},"40":{"start":{"line":65,"column":8},"end":{"line":65,"column":66}},"41":{"start":{"line":73,"column":0},"end":{"line":83,"column":3}},"42":{"start":{"line":73,"column":84},"end":{"line":83,"column":2}},"43":{"start":{"line":74,"column":4},"end":{"line":82,"column":5}},"44":{"start":{"line":75,"column":27},"end":{"line":75,"column":55}},"45":{"start":{"line":76,"column":19},"end":{"line":76,"column":26}},"46":{"start":{"line":77,"column":25},"end":{"line":77,"column":106}},"47":{"start":{"line":78,"column":8},"end":{"line":78,"column":27}},"48":{"start":{"line":80,"column":8},"end":{"line":80,"column":27}},"49":{"start":{"line":81,"column":8},"end":{"line":81,"column":66}},"50":{"start":{"line":87,"column":0},"end":{"line":123,"column":3}},"51":{"start":{"line":87,"column":85},"end":{"line":123,"column":2}},"52":{"start":{"line":88,"column":4},"end":{"line":122,"column":5}},"53":{"start":{"line":89,"column":27},"end":{"line":89,"column":55}},"54":{"start":{"line":90,"column":88},"end":{"line":90,"column":96}},"55":{"start":{"line":92,"column":8},"end":{"line":94,"column":9}},"56":{"start":{"line":93,"column":12},"end":{"line":93,"column":99}},"57":{"start":{"line":96,"column":19},"end":{"line":96,"column":26}},"58":{"start":{"line":97,"column":28},"end":{"line":97,"column":63}},"59":{"start":{"line":100,"column":28},"end":{"line":100,"column":88}},"60":{"start":{"line":101,"column":22},"end":{"line":101,"column":51}},"61":{"start":{"line":103,"column":49},"end":{"line":115,"column":10}},"62":{"start":{"line":117,"column":8},"end":{"line":117,"column":59}},"63":{"start":{"line":118,"column":8},"end":{"line":118,"column":93}},"64":{"start":{"line":120,"column":8},"end":{"line":120,"column":27}},"65":{"start":{"line":121,"column":8},"end":{"line":121,"column":66}},"66":{"start":{"line":127,"column":0},"end":{"line":159,"column":3}},"67":{"start":{"line":127,"column":158},"end":{"line":159,"column":2}},"68":{"start":{"line":128,"column":4},"end":{"line":158,"column":5}},"69":{"start":{"line":129,"column":27},"end":{"line":129,"column":55}},"70":{"start":{"line":130,"column":26},"end":{"line":130,"column":54}},"71":{"start":{"line":131,"column":33},"end":{"line":131,"column":41}},"72":{"start":{"line":133,"column":8},"end":{"line":135,"column":9}},"73":{"start":{"line":134,"column":12},"end":{"line":134,"column":100}},"74":{"start":{"line":136,"column":8},"end":{"line":138,"column":9}},"75":{"start":{"line":137,"column":12},"end":{"line":137,"column":83}},"76":{"start":{"line":140,"column":65},"end":{"line":140,"column":67}},"77":{"start":{"line":141,"column":8},"end":{"line":141,"column":54}},"78":{"start":{"line":141,"column":19},"end":{"line":141,"column":54}},"79":{"start":{"line":142,"column":8},"end":{"line":142,"column":54}},"80":{"start":{"line":142,"column":19},"end":{"line":142,"column":54}},"81":{"start":{"line":144,"column":19},"end":{"line":144,"column":26}},"82":{"start":{"line":145,"column":23},"end":{"line":147,"column":null}},"83":{"start":{"line":150,"column":8},"end":{"line":152,"column":9}},"84":{"start":{"line":151,"column":12},"end":{"line":151,"column":114}},"85":{"start":{"line":154,"column":8},"end":{"line":154,"column":62}},"86":{"start":{"line":156,"column":8},"end":{"line":156,"column":27}},"87":{"start":{"line":157,"column":8},"end":{"line":157,"column":66}},"88":{"start":{"line":162,"column":0},"end":{"line":185,"column":3}},"89":{"start":{"line":162,"column":121},"end":{"line":185,"column":2}},"90":{"start":{"line":163,"column":4},"end":{"line":184,"column":5}},"91":{"start":{"line":164,"column":27},"end":{"line":164,"column":55}},"92":{"start":{"line":165,"column":26},"end":{"line":165,"column":54}},"93":{"start":{"line":167,"column":8},"end":{"line":169,"column":9}},"94":{"start":{"line":168,"column":12},"end":{"line":168,"column":83}},"95":{"start":{"line":171,"column":19},"end":{"line":171,"column":26}},"96":{"start":{"line":172,"column":23},"end":{"line":174,"column":10}},"97":{"start":{"line":176,"column":8},"end":{"line":178,"column":9}},"98":{"start":{"line":177,"column":12},"end":{"line":177,"column":116}},"99":{"start":{"line":180,"column":8},"end":{"line":180,"column":62}},"100":{"start":{"line":182,"column":8},"end":{"line":182,"column":27}},"101":{"start":{"line":183,"column":8},"end":{"line":183,"column":66}},"102":{"start":{"line":187,"column":0},"end":{"line":187,"column":22}}},"fnMap":{"0":{"name":"(anonymous_8)","decl":{"start":{"line":12,"column":25},"end":{"line":12,"column":32}},"loc":{"start":{"line":12,"column":132},"end":{"line":42,"column":2}}},"1":{"name":"(anonymous_9)","decl":{"start":{"line":12,"column":132},"end":{"line":12,"column":null}},"loc":{"start":{"line":12,"column":132},"end":{"line":42,"column":1}}},"2":{"name":"(anonymous_10)","decl":{"start":{"line":45,"column":22},"end":{"line":45,"column":29}},"loc":{"start":{"line":45,"column":107},"end":{"line":67,"column":2}}},"3":{"name":"(anonymous_11)","decl":{"start":{"line":45,"column":107},"end":{"line":45,"column":null}},"loc":{"start":{"line":45,"column":107},"end":{"line":67,"column":1}}},"4":{"name":"(anonymous_12)","decl":{"start":{"line":73,"column":46},"end":{"line":73,"column":53}},"loc":{"start":{"line":73,"column":84},"end":{"line":83,"column":2}}},"5":{"name":"(anonymous_13)","decl":{"start":{"line":73,"column":84},"end":{"line":73,"column":null}},"loc":{"start":{"line":73,"column":84},"end":{"line":83,"column":1}}},"6":{"name":"(anonymous_14)","decl":{"start":{"line":87,"column":47},"end":{"line":87,"column":54}},"loc":{"start":{"line":87,"column":85},"end":{"line":123,"column":2}}},"7":{"name":"(anonymous_15)","decl":{"start":{"line":87,"column":85},"end":{"line":87,"column":null}},"loc":{"start":{"line":87,"column":85},"end":{"line":123,"column":1}}},"8":{"name":"(anonymous_16)","decl":{"start":{"line":127,"column":57},"end":{"line":127,"column":64}},"loc":{"start":{"line":127,"column":158},"end":{"line":159,"column":2}}},"9":{"name":"(anonymous_17)","decl":{"start":{"line":127,"column":158},"end":{"line":127,"column":null}},"loc":{"start":{"line":127,"column":158},"end":{"line":159,"column":1}}},"10":{"name":"(anonymous_18)","decl":{"start":{"line":162,"column":60},"end":{"line":162,"column":67}},"loc":{"start":{"line":162,"column":121},"end":{"line":185,"column":2}}},"11":{"name":"(anonymous_19)","decl":{"start":{"line":162,"column":121},"end":{"line":162,"column":null}},"loc":{"start":{"line":162,"column":121},"end":{"line":185,"column":1}}}},"branchMap":{"0":{"loc":{"start":{"line":15,"column":8},"end":{"line":17,"column":9}},"type":"if","locations":[{"start":{"line":15,"column":8},"end":{"line":17,"column":9}},{"start":{},"end":{}}]},"1":{"loc":{"start":{"line":15,"column":12},"end":{"line":15,"column":47}},"type":"binary-expr","locations":[{"start":{"line":15,"column":12},"end":{"line":15,"column":24}},{"start":{"line":15,"column":28},"end":{"line":15,"column":34}},{"start":{"line":15,"column":38},"end":{"line":15,"column":47}}]},"2":{"loc":{"start":{"line":22,"column":8},"end":{"line":24,"column":9}},"type":"if","locations":[{"start":{"line":22,"column":8},"end":{"line":24,"column":9}},{"start":{},"end":{}}]},"3":{"loc":{"start":{"line":48,"column":8},"end":{"line":50,"column":9}},"type":"if","locations":[{"start":{"line":48,"column":8},"end":{"line":50,"column":9}},{"start":{},"end":{}}]},"4":{"loc":{"start":{"line":48,"column":12},"end":{"line":48,"column":31}},"type":"binary-expr","locations":[{"start":{"line":48,"column":12},"end":{"line":48,"column":18}},{"start":{"line":48,"column":22},"end":{"line":48,"column":31}}]},"5":{"loc":{"start":{"line":54,"column":8},"end":{"line":56,"column":9}},"type":"if","locations":[{"start":{"line":54,"column":8},"end":{"line":56,"column":9}},{"start":{},"end":{}}]},"6":{"loc":{"start":{"line":54,"column":12},"end":{"line":54,"column":69}},"type":"binary-expr","locations":[{"start":{"line":54,"column":12},"end":{"line":54,"column":19}},{"start":{"line":54,"column":23},"end":{"line":54,"column":69}}]},"7":{"loc":{"start":{"line":92,"column":8},"end":{"line":94,"column":9}},"type":"if","locations":[{"start":{"line":92,"column":8},"end":{"line":94,"column":9}},{"start":{},"end":{}}]},"8":{"loc":{"start":{"line":92,"column":12},"end":{"line":92,"column":38}},"type":"binary-expr","locations":[{"start":{"line":92,"column":12},"end":{"line":92,"column":18}},{"start":{"line":92,"column":22},"end":{"line":92,"column":28}},{"start":{"line":92,"column":32},"end":{"line":92,"column":38}}]},"9":{"loc":{"start":{"line":101,"column":23},"end":{"line":101,"column":46}},"type":"binary-expr","locations":[{"start":{"line":101,"column":23},"end":{"line":101,"column":41}},{"start":{"line":101,"column":45},"end":{"line":101,"column":46}}]},"10":{"loc":{"start":{"line":101,"column":23},"end":{"line":101,"column":41}},"type":"cond-expr","locations":[{"start":{"line":101,"column":37},"end":{"line":101,"column":39}},{"start":{"line":101,"column":37},"end":{"line":101,"column":41}}]},"11":{"loc":{"start":{"line":101,"column":23},"end":{"line":101,"column":39}},"type":"binary-expr","locations":[{"start":{"line":101,"column":23},"end":{"line":101,"column":39}},{"start":{"line":101,"column":37},"end":{"line":101,"column":39}}]},"12":{"loc":{"start":{"line":106,"column":25},"end":{"line":106,"column":42}},"type":"binary-expr","locations":[{"start":{"line":106,"column":25},"end":{"line":106,"column":36}},{"start":{"line":106,"column":40},"end":{"line":106,"column":42}}]},"13":{"loc":{"start":{"line":109,"column":22},"end":{"line":109,"column":49}},"type":"binary-expr","locations":[{"start":{"line":109,"column":22},"end":{"line":109,"column":30}},{"start":{"line":109,"column":34},"end":{"line":109,"column":49}}]},"14":{"loc":{"start":{"line":110,"column":19},"end":{"line":110,"column":37}},"type":"binary-expr","locations":[{"start":{"line":110,"column":19},"end":{"line":110,"column":24}},{"start":{"line":110,"column":28},"end":{"line":110,"column":37}}]},"15":{"loc":{"start":{"line":111,"column":23},"end":{"line":111,"column":38}},"type":"binary-expr","locations":[{"start":{"line":111,"column":23},"end":{"line":111,"column":32}},{"start":{"line":111,"column":36},"end":{"line":111,"column":38}}]},"16":{"loc":{"start":{"line":114,"column":20},"end":{"line":114,"column":41}},"type":"binary-expr","locations":[{"start":{"line":114,"column":20},"end":{"line":114,"column":26}},{"start":{"line":114,"column":30},"end":{"line":114,"column":41}}]},"17":{"loc":{"start":{"line":133,"column":8},"end":{"line":135,"column":9}},"type":"if","locations":[{"start":{"line":133,"column":8},"end":{"line":135,"column":9}},{"start":{},"end":{}}]},"18":{"loc":{"start":{"line":133,"column":12},"end":{"line":133,"column":28}},"type":"binary-expr","locations":[{"start":{"line":133,"column":12},"end":{"line":133,"column":18}},{"start":{"line":133,"column":22},"end":{"line":133,"column":28}}]},"19":{"loc":{"start":{"line":136,"column":8},"end":{"line":138,"column":9}},"type":"if","locations":[{"start":{"line":136,"column":8},"end":{"line":138,"column":9}},{"start":{},"end":{}}]},"20":{"loc":{"start":{"line":141,"column":8},"end":{"line":141,"column":54}},"type":"if","locations":[{"start":{"line":141,"column":8},"end":{"line":141,"column":54}},{"start":{},"end":{}}]},"21":{"loc":{"start":{"line":142,"column":8},"end":{"line":142,"column":54}},"type":"if","locations":[{"start":{"line":142,"column":8},"end":{"line":142,"column":54}},{"start":{},"end":{}}]},"22":{"loc":{"start":{"line":150,"column":8},"end":{"line":152,"column":9}},"type":"if","locations":[{"start":{"line":150,"column":8},"end":{"line":152,"column":9}},{"start":{},"end":{}}]},"23":{"loc":{"start":{"line":167,"column":8},"end":{"line":169,"column":9}},"type":"if","locations":[{"start":{"line":167,"column":8},"end":{"line":169,"column":9}},{"start":{},"end":{}}]},"24":{"loc":{"start":{"line":176,"column":8},"end":{"line":178,"column":9}},"type":"if","locations":[{"start":{"line":176,"column":8},"end":{"line":178,"column":9}},{"start":{},"end":{}}]}},"s":{"0":1,"1":1,"2":1,"3":1,"4":1,"5":1,"6":1,"7":1,"8":6,"9":6,"10":6,"11":6,"12":0,"13":6,"14":6,"15":6,"16":6,"17":0,"18":6,"19":6,"20":6,"21":6,"22":6,"23":0,"24":0,"25":1,"26":6,"27":6,"28":6,"29":6,"30":0,"31":6,"32":6,"33":6,"34":0,"35":6,"36":6,"37":6,"38":6,"39":0,"40":0,"41":1,"42":1,"43":1,"44":1,"45":1,"46":1,"47":1,"48":0,"49":0,"50":1,"51":5,"52":5,"53":5,"54":5,"55":5,"56":1,"57":4,"58":4,"59":4,"60":4,"61":4,"62":4,"63":4,"64":0,"65":0,"66":1,"67":2,"68":2,"69":2,"70":2,"71":2,"72":2,"73":0,"74":2,"75":0,"76":2,"77":2,"78":2,"79":2,"80":1,"81":2,"82":2,"83":2,"84":1,"85":1,"86":0,"87":0,"88":1,"89":1,"90":1,"91":1,"92":1,"93":1,"94":0,"95":1,"96":1,"97":1,"98":0,"99":1,"100":0,"101":0,"102":1},"f":{"0":6,"1":6,"2":6,"3":6,"4":1,"5":1,"6":5,"7":5,"8":2,"9":2,"10":1,"11":1},"b":{"0":[0,6],"1":[6,6,6],"2":[0,6],"3":[0,6],"4":[6,6],"5":[0,6],"6":[6,6],"7":[1,4],"8":[5,5,4],"9":[4,4],"10":[4,0],"11":[4,4],"12":[4,0],"13":[4,0],"14":[4,0],"15":[4,0],"16":[4,0],"17":[0,2],"18":[2,0],"19":[0,2],"20":[2,0],"21":[1,1],"22":[1,1],"23":[0,1],"24":[0,1]}}
,"C:\\Users\\PremMaity\\Desktop\\backend4\\backFinal\\src\\routes\\wishlist.ts": {"path":"C:\\Users\\PremMaity\\Desktop\\backend4\\backFinal\\src\\routes\\wishlist.ts","statementMap":{"0":{"start":{"line":1,"column":0},"end":{"line":1,"column":52}},"1":{"start":{"line":2,"column":0},"end":{"line":2,"column":36}},"2":{"start":{"line":3,"column":0},"end":{"line":3,"column":52}},"3":{"start":{"line":6,"column":15},"end":{"line":6,"column":23}},"4":{"start":{"line":9,"column":0},"end":{"line":38,"column":3}},"5":{"start":{"line":9,"column":74},"end":{"line":38,"column":2}},"6":{"start":{"line":10,"column":4},"end":{"line":37,"column":5}},"7":{"start":{"line":11,"column":25},"end":{"line":11,"column":49}},"8":{"start":{"line":12,"column":31},"end":{"line":12,"column":39}},"9":{"start":{"line":14,"column":8},"end":{"line":16,"column":9}},"10":{"start":{"line":15,"column":12},"end":{"line":15,"column":78}},"11":{"start":{"line":18,"column":19},"end":{"line":18,"column":26}},"12":{"start":{"line":19,"column":35},"end":{"line":19,"column":70}},"13":{"start":{"line":20,"column":24},"end":{"line":20,"column":76}},"14":{"start":{"line":22,"column":8},"end":{"line":24,"column":9}},"15":{"start":{"line":23,"column":12},"end":{"line":23,"column":73}},"16":{"start":{"line":26,"column":36},"end":{"line":26,"column":72}},"17":{"start":{"line":27,"column":8},"end":{"line":31,"column":10}},"18":{"start":{"line":33,"column":8},"end":{"line":33,"column":71}},"19":{"start":{"line":35,"column":8},"end":{"line":35,"column":27}},"20":{"start":{"line":36,"column":8},"end":{"line":36,"column":66}},"21":{"start":{"line":41,"column":0},"end":{"line":60,"column":3}},"22":{"start":{"line":41,"column":70},"end":{"line":60,"column":2}},"23":{"start":{"line":42,"column":4},"end":{"line":59,"column":5}},"24":{"start":{"line":43,"column":25},"end":{"line":43,"column":49}},"25":{"start":{"line":44,"column":19},"end":{"line":44,"column":26}},"26":{"start":{"line":45,"column":36},"end":{"line":45,"column":72}},"27":{"start":{"line":46,"column":25},"end":{"line":46,"column":71}},"28":{"start":{"line":48,"column":8},"end":{"line":50,"column":9}},"29":{"start":{"line":49,"column":12},"end":{"line":49,"column":43}},"30":{"start":{"line":52,"column":35},"end":{"line":52,"column":70}},"31":{"start":{"line":53,"column":25},"end":{"line":53,"column":97}},"32":{"start":{"line":55,"column":8},"end":{"line":55,"column":38}},"33":{"start":{"line":57,"column":8},"end":{"line":57,"column":27}},"34":{"start":{"line":58,"column":8},"end":{"line":58,"column":66}},"35":{"start":{"line":63,"column":0},"end":{"line":84,"column":3}},"36":{"start":{"line":63,"column":77},"end":{"line":84,"column":2}},"37":{"start":{"line":64,"column":4},"end":{"line":83,"column":5}},"38":{"start":{"line":65,"column":25},"end":{"line":65,"column":49}},"39":{"start":{"line":66,"column":31},"end":{"line":66,"column":39}},"40":{"start":{"line":68,"column":8},"end":{"line":70,"column":9}},"41":{"start":{"line":69,"column":12},"end":{"line":69,"column":78}},"42":{"start":{"line":72,"column":19},"end":{"line":72,"column":26}},"43":{"start":{"line":73,"column":36},"end":{"line":73,"column":72}},"44":{"start":{"line":74,"column":8},"end":{"line":77,"column":10}},"45":{"start":{"line":79,"column":8},"end":{"line":79,"column":75}},"46":{"start":{"line":81,"column":8},"end":{"line":81,"column":27}},"47":{"start":{"line":82,"column":8},"end":{"line":82,"column":66}},"48":{"start":{"line":86,"column":0},"end":{"line":86,"column":22}}},"fnMap":{"0":{"name":"(anonymous_7)","decl":{"start":{"line":9,"column":36},"end":{"line":9,"column":43}},"loc":{"start":{"line":9,"column":74},"end":{"line":38,"column":2}}},"1":{"name":"(anonymous_8)","decl":{"start":{"line":9,"column":74},"end":{"line":9,"column":null}},"loc":{"start":{"line":9,"column":74},"end":{"line":38,"column":1}}},"2":{"name":"(anonymous_9)","decl":{"start":{"line":41,"column":32},"end":{"line":41,"column":39}},"loc":{"start":{"line":41,"column":70},"end":{"line":60,"column":2}}},"3":{"name":"(anonymous_10)","decl":{"start":{"line":41,"column":70},"end":{"line":41,"column":null}},"loc":{"start":{"line":41,"column":70},"end":{"line":60,"column":1}}},"4":{"name":"(anonymous_11)","decl":{"start":{"line":63,"column":39},"end":{"line":63,"column":46}},"loc":{"start":{"line":63,"column":77},"end":{"line":84,"column":2}}},"5":{"name":"(anonymous_12)","decl":{"start":{"line":63,"column":77},"end":{"line":63,"column":null}},"loc":{"start":{"line":63,"column":77},"end":{"line":84,"column":1}}}},"branchMap":{"0":{"loc":{"start":{"line":14,"column":8},"end":{"line":16,"column":9}},"type":"if","locations":[{"start":{"line":14,"column":8},"end":{"line":16,"column":9}},{"start":{},"end":{}}]},"1":{"loc":{"start":{"line":22,"column":8},"end":{"line":24,"column":9}},"type":"if","locations":[{"start":{"line":22,"column":8},"end":{"line":24,"column":9}},{"start":{},"end":{}}]},"2":{"loc":{"start":{"line":48,"column":8},"end":{"line":50,"column":9}},"type":"if","locations":[{"start":{"line":48,"column":8},"end":{"line":50,"column":9}},{"start":{},"end":{}}]},"3":{"loc":{"start":{"line":68,"column":8},"end":{"line":70,"column":9}},"type":"if","locations":[{"start":{"line":68,"column":8},"end":{"line":70,"column":9}},{"start":{},"end":{}}]}},"s":{"0":1,"1":1,"2":1,"3":1,"4":1,"5":3,"6":3,"7":3,"8":3,"9":3,"10":0,"11":3,"12":3,"13":3,"14":3,"15":0,"16":3,"17":3,"18":3,"19":0,"20":0,"21":1,"22":2,"23":2,"24":2,"25":2,"26":2,"27":2,"28":2,"29":0,"30":2,"31":2,"32":2,"33":0,"34":0,"35":1,"36":1,"37":1,"38":1,"39":1,"40":1,"41":0,"42":1,"43":1,"44":1,"45":1,"46":0,"47":0,"48":1},"f":{"0":3,"1":3,"2":2,"3":2,"4":1,"5":1},"b":{"0":[0,3],"1":[0,3],"2":[0,2],"3":[0,1]}}
,"C:\\Users\\PremMaity\\Desktop\\backend4\\backFinal\\src\\utils\\jwt.ts": {"path":"C:\\Users\\PremMaity\\Desktop\\backend4\\backFinal\\src\\utils\\jwt.ts","statementMap":{"0":{"start":{"line":5,"column":0},"end":{"line":5,"column":16}},"1":{"start":{"line":13,"column":0},"end":{"line":13,"column":16}},"2":{"start":{"line":21,"column":0},"end":{"line":21,"column":16}},"3":{"start":{"line":1,"column":0},"end":{"line":1,"column":31}},"4":{"start":{"line":2,"column":0},"end":{"line":2,"column":110}},"5":{"start":{"line":7,"column":2},"end":{"line":10,"column":5}},"6":{"start":{"line":15,"column":2},"end":{"line":18,"column":5}},"7":{"start":{"line":23,"column":2},"end":{"line":23,"column":82}}},"fnMap":{"0":{"name":"createAccessToken","decl":{"start":{"line":5,"column":16},"end":{"line":5,"column":33}},"loc":{"start":{"line":5,"column":53},"end":{"line":11,"column":1}}},"1":{"name":"createRefreshToken","decl":{"start":{"line":13,"column":16},"end":{"line":13,"column":34}},"loc":{"start":{"line":13,"column":54},"end":{"line":19,"column":1}}},"2":{"name":"verifyToken","decl":{"start":{"line":21,"column":16},"end":{"line":21,"column":27}},"loc":{"start":{"line":21,"column":41},"end":{"line":24,"column":1}}}},"branchMap":{},"s":{"0":4,"1":4,"2":4,"3":4,"4":4,"5":20,"6":20,"7":27},"f":{"0":20,"1":20,"2":27},"b":{}}
}
