TN:
SF:src\config\env.ts
FNF:0
FNH:0
DA:1,4
DA:2,4
DA:4,4
DA:5,4
DA:6,4
DA:9,4
DA:10,4
DA:11,4
DA:12,4
LF:9
LH:9
BRDA:4,0,0,4
BRDA:4,0,1,4
BRDA:5,1,0,4
BRDA:5,1,1,0
BRDA:9,2,0,4
BRDA:9,2,1,0
BRF:6
BRH:4
end_of_record
TN:
SF:src\middleware\auth.ts
FN:4,authMiddleware
FNF:1
FNH:1
FNDA:17,authMiddleware
DA:2,3
DA:4,3
DA:5,17
DA:6,17
DA:8,17
DA:9,0
DA:10,0
DA:13,17
DA:14,17
DA:15,17
DA:16,17
DA:18,0
LF:12
LH:9
BRDA:5,0,0,17
BRDA:5,0,1,0
BRDA:6,1,0,17
BRDA:6,1,1,0
BRDA:8,2,0,0
BRDA:8,2,1,17
BRF:6
BRH:3
end_of_record
TN:
SF:src\middleware\vendorAuth.ts
FN:5,vendorAuthMiddleware
FNF:1
FNH:1
FNDA:9,vendorAuthMiddleware
DA:2,1
DA:5,1
DA:6,9
DA:7,9
DA:9,9
DA:10,0
DA:11,0
DA:14,9
DA:15,9
DA:18,9
DA:19,0
DA:20,0
DA:24,9
DA:25,9
DA:28,0
LF:15
LH:10
BRDA:6,0,0,9
BRDA:6,0,1,0
BRDA:7,1,0,9
BRDA:7,1,1,0
BRDA:9,2,0,0
BRDA:9,2,1,9
BRDA:18,3,0,0
BRDA:18,3,1,9
BRDA:18,4,0,9
BRDA:18,4,1,9
BRF:10
BRH:6
end_of_record
TN:
SF:src\routes\category.ts
FN:7,(anonymous_7)
FN:7,(anonymous_8)
FNF:2
FNH:2
FNDA:1,(anonymous_7)
FNDA:1,(anonymous_8)
DA:1,1
DA:2,1
DA:5,1
DA:7,1
DA:8,1
DA:9,1
DA:10,1
DA:11,1
DA:12,1
DA:14,0
DA:15,0
DA:19,1
LF:12
LH:10
BRF:0
BRH:0
end_of_record
TN:
SF:src\routes\orders.ts
FN:9,(anonymous_7)
FN:9,(anonymous_8)
FNF:2
FNH:2
FNDA:2,(anonymous_7)
FNDA:2,(anonymous_8)
DA:1,1
DA:2,1
DA:3,1
DA:6,1
DA:9,2
DA:10,2
DA:11,2
DA:12,2
DA:13,2
DA:16,2
DA:19,2
DA:22,0
DA:23,0
DA:27,1
LF:14
LH:12
BRF:0
BRH:0
end_of_record
TN:
SF:src\routes\products.ts
FN:9,(anonymous_8)
FN:9,(anonymous_9)
FN:54,(anonymous_10)
FN:64,(anonymous_11)
FN:64,(anonymous_12)
FN:96,(anonymous_13)
FN:108,(anonymous_14)
FN:108,(anonymous_15)
FN:120,(anonymous_16)
FN:130,(anonymous_17)
FN:150,(anonymous_18)
FN:151,(anonymous_19)
FN:166,(anonymous_20)
FN:183,(anonymous_21)
FN:183,(anonymous_22)
FNF:15
FNH:15
FNDA:4,(anonymous_8)
FNDA:4,(anonymous_9)
FNDA:8,(anonymous_10)
FNDA:2,(anonymous_11)
FNDA:2,(anonymous_12)
FNDA:1,(anonymous_13)
FNDA:3,(anonymous_14)
FNDA:3,(anonymous_15)
FNDA:2,(anonymous_16)
FNDA:2,(anonymous_17)
FNDA:2,(anonymous_18)
FNDA:2,(anonymous_19)
FNDA:2,(anonymous_20)
FNDA:3,(anonymous_21)
FNDA:3,(anonymous_22)
DA:1,1
DA:2,1
DA:4,1
DA:6,1
DA:7,1
DA:9,4
DA:10,4
DA:11,4
DA:12,4
DA:14,4
DA:15,4
DA:16,4
DA:17,4
DA:19,4
DA:20,4
DA:21,4
DA:25,4
DA:26,4
DA:28,4
DA:29,4
DA:31,4
DA:32,2
DA:33,2
DA:34,1
DA:35,1
DA:37,1
DA:39,2
DA:40,1
DA:41,1
DA:45,3
DA:46,3
DA:47,3
DA:49,3
DA:54,8
DA:57,3
DA:59,0
DA:60,0
DA:64,2
DA:65,2
DA:66,2
DA:67,2
DA:69,2
DA:70,2
DA:71,1
DA:72,1
DA:75,1
DA:76,1
DA:77,1
DA:78,1
DA:79,1
DA:81,1
DA:88,1
DA:89,1
DA:90,1
DA:92,1
DA:96,1
DA:99,1
DA:101,0
DA:102,0
DA:108,3
DA:109,3
DA:110,3
DA:111,3
DA:113,3
DA:114,3
DA:115,1
DA:118,2
DA:120,2
DA:128,2
DA:131,2
DA:135,2
DA:137,2
DA:142,2
DA:144,2
DA:145,1
DA:148,1
DA:150,2
DA:151,2
DA:153,1
DA:154,0
DA:157,1
DA:161,1
DA:162,0
DA:166,1
DA:167,2
DA:168,2
DA:171,1
DA:176,0
DA:177,0
DA:183,3
DA:184,3
DA:185,3
DA:186,3
DA:188,3
DA:189,3
DA:190,1
DA:191,1
DA:194,2
DA:195,2
DA:196,1
DA:197,1
DA:200,1
DA:201,1
DA:203,0
DA:204,0
DA:210,1
LF:106
LH:96
BRDA:14,0,0,0
BRDA:14,0,1,4
BRDA:14,1,0,4
BRDA:14,1,1,4
BRDA:15,2,0,0
BRDA:15,2,1,4
BRDA:15,3,0,4
BRDA:15,3,1,4
BRDA:19,4,0,0
BRDA:19,4,1,4
BRDA:19,5,0,4
BRDA:19,5,1,4
BRDA:20,6,0,0
BRDA:20,6,1,4
BRDA:20,7,0,4
BRDA:20,7,1,4
BRDA:21,8,0,0
BRDA:21,8,1,4
BRDA:26,9,0,1
BRDA:26,9,1,3
BRDA:31,10,0,2
BRDA:31,10,1,2
BRDA:33,11,0,1
BRDA:33,11,1,1
BRDA:39,12,0,1
BRDA:39,12,1,1
BRDA:69,13,0,1
BRDA:69,13,1,1
BRDA:69,14,0,2
BRDA:69,14,1,2
BRDA:70,15,0,1
BRDA:70,15,1,1
BRDA:70,16,0,2
BRDA:70,16,1,1
BRDA:75,17,0,0
BRDA:75,17,1,1
BRDA:75,18,0,1
BRDA:75,18,1,1
BRDA:76,19,0,0
BRDA:76,19,1,1
BRDA:76,20,0,1
BRDA:76,20,1,1
BRDA:77,21,0,0
BRDA:77,21,1,1
BRDA:77,22,0,1
BRDA:77,22,1,1
BRDA:78,23,0,0
BRDA:78,23,1,1
BRDA:78,24,0,1
BRDA:78,24,1,1
BRDA:79,25,0,0
BRDA:79,25,1,1
BRDA:113,26,0,2
BRDA:113,26,1,1
BRDA:113,27,0,3
BRDA:113,27,1,3
BRDA:114,28,0,1
BRDA:114,28,1,2
BRDA:114,29,0,3
BRDA:114,29,1,2
BRDA:121,30,0,2
BRDA:121,30,1,0
BRDA:121,31,0,2
BRDA:121,31,1,2
BRDA:121,32,0,2
BRDA:121,32,1,0
BRDA:121,33,0,2
BRDA:121,33,1,2
BRDA:121,34,0,0
BRDA:121,34,1,0
BRDA:121,35,0,0
BRDA:121,35,1,0
BRDA:122,36,0,2
BRDA:122,36,1,0
BRDA:122,37,0,2
BRDA:122,37,1,2
BRDA:123,38,0,2
BRDA:123,38,1,0
BRDA:123,39,0,2
BRDA:123,39,1,2
BRDA:124,40,0,2
BRDA:124,40,1,0
BRDA:124,41,0,2
BRDA:124,41,1,2
BRDA:142,42,0,2
BRDA:142,42,1,1
BRDA:142,43,0,0
BRDA:142,43,1,2
BRDA:142,44,0,2
BRDA:142,44,1,2
BRDA:142,45,0,0
BRDA:142,45,1,2
BRDA:142,46,0,2
BRDA:142,46,1,2
BRDA:142,47,0,0
BRDA:142,47,1,2
BRDA:142,48,0,2
BRDA:142,48,1,2
BRDA:142,49,0,0
BRDA:142,49,1,2
BRDA:142,50,0,2
BRDA:142,50,1,2
BRDA:142,51,0,0
BRDA:142,51,1,2
BRDA:142,52,0,2
BRDA:142,52,1,2
BRDA:142,53,0,0
BRDA:142,53,1,2
BRDA:142,54,0,2
BRDA:142,54,1,2
BRDA:144,55,0,1
BRDA:144,55,1,1
BRDA:153,56,0,0
BRDA:153,56,1,1
BRDA:161,57,0,0
BRDA:161,57,1,1
BRDA:168,58,0,2
BRDA:168,58,1,0
BRDA:168,59,0,2
BRDA:168,59,1,2
BRDA:168,60,0,0
BRDA:168,60,1,2
BRDA:168,61,0,2
BRDA:168,61,1,2
BRDA:168,62,0,0
BRDA:168,62,1,2
BRDA:168,63,0,2
BRDA:168,63,1,2
BRDA:189,64,0,1
BRDA:189,64,1,2
BRDA:195,65,0,1
BRDA:195,65,1,1
BRF:132
BRH:102
end_of_record
TN:
SF:src\routes\users.ts
FN:18,(anonymous_9)
FN:18,(anonymous_10)
FN:72,(anonymous_11)
FN:72,(anonymous_12)
FN:89,(anonymous_13)
FN:89,(anonymous_14)
FN:118,(anonymous_15)
FN:118,(anonymous_16)
FN:128,(anonymous_17)
FN:160,(anonymous_18)
FN:160,(anonymous_19)
FN:180,(anonymous_20)
FN:180,(anonymous_21)
FN:211,(anonymous_22)
FN:211,(anonymous_23)
FN:241,(anonymous_24)
FN:241,(anonymous_25)
FNF:17
FNH:17
FNDA:17,(anonymous_9)
FNDA:17,(anonymous_10)
FNDA:5,(anonymous_11)
FNDA:5,(anonymous_12)
FNDA:1,(anonymous_13)
FNDA:1,(anonymous_14)
FNDA:1,(anonymous_15)
FNDA:1,(anonymous_16)
FNDA:1,(anonymous_17)
FNDA:1,(anonymous_18)
FNDA:1,(anonymous_19)
FNDA:14,(anonymous_20)
FNDA:14,(anonymous_21)
FNDA:2,(anonymous_22)
FNDA:2,(anonymous_23)
FNDA:1,(anonymous_24)
FNDA:1,(anonymous_25)
DA:1,3
DA:2,3
DA:3,3
DA:4,3
DA:5,3
DA:7,3
DA:8,3
DA:10,3
DA:16,3
DA:18,17
DA:19,17
DA:20,17
DA:22,17
DA:23,1
DA:26,16
DA:27,16
DA:28,0
DA:31,16
DA:32,16
DA:34,16
DA:35,16
DA:36,1
DA:38,15
DA:39,15
DA:40,0
DA:43,15
DA:44,15
DA:46,15
DA:62,15
DA:63,15
DA:65,0
DA:66,0
DA:72,5
DA:73,5
DA:74,5
DA:75,5
DA:76,5
DA:78,5
DA:79,0
DA:81,5
DA:83,0
DA:84,0
DA:89,3
DA:90,1
DA:91,1
DA:92,1
DA:94,1
DA:95,0
DA:98,1
DA:104,1
DA:105,1
DA:110,1
DA:112,0
DA:113,0
DA:118,3
DA:119,1
DA:120,1
DA:121,1
DA:122,1
DA:124,1
DA:127,1
DA:128,1
DA:130,1
DA:131,0
DA:134,1
DA:146,1
DA:147,0
DA:150,1
DA:152,0
DA:153,0
DA:160,3
DA:161,1
DA:162,1
DA:163,1
DA:165,1
DA:166,1
DA:171,1
DA:173,0
DA:174,0
DA:178,3
DA:180,14
DA:181,14
DA:182,14
DA:183,14
DA:184,0
DA:187,14
DA:188,14
DA:190,14
DA:191,1
DA:196,13
DA:197,13
DA:198,13
DA:200,13
DA:202,0
DA:203,0
DA:209,3
DA:211,2
DA:212,2
DA:213,2
DA:215,2
DA:216,1
DA:221,1
DA:223,1
DA:224,0
DA:228,1
DA:229,1
DA:230,1
DA:232,1
DA:235,0
DA:241,3
DA:242,1
DA:244,1
DA:246,1
DA:247,1
DA:249,1
DA:250,0
DA:252,1
DA:254,1
DA:257,0
DA:258,0
DA:263,3
LF:121
LH:97
BRDA:20,0,0,17
BRDA:20,0,1,0
BRDA:22,1,0,1
BRDA:22,1,1,16
BRDA:22,2,0,17
BRDA:22,2,1,16
BRDA:22,2,2,16
BRDA:22,2,3,16
BRDA:22,2,4,16
BRDA:22,2,5,16
BRDA:22,2,6,16
BRDA:22,2,7,16
BRDA:22,2,8,16
BRDA:22,2,9,16
BRDA:27,3,0,0
BRDA:27,3,1,16
BRDA:35,4,0,1
BRDA:35,4,1,15
BRDA:39,5,0,0
BRDA:39,5,1,15
BRDA:78,6,0,0
BRDA:78,6,1,5
BRDA:81,7,0,5
BRDA:81,7,1,0
BRDA:94,8,0,0
BRDA:94,8,1,1
BRDA:94,9,0,1
BRDA:94,9,1,1
BRDA:94,9,2,1
BRDA:94,9,3,1
BRDA:94,9,4,1
BRDA:94,9,5,1
BRDA:128,10,0,0
BRDA:128,10,1,1
BRDA:128,11,0,1
BRDA:128,11,1,1
BRDA:130,12,0,0
BRDA:130,12,1,1
BRDA:146,13,0,0
BRDA:146,13,1,1
BRDA:182,14,0,14
BRDA:182,14,1,0
BRDA:183,15,0,0
BRDA:183,15,1,14
BRDA:183,16,0,14
BRDA:183,16,1,14
BRDA:190,17,0,1
BRDA:190,17,1,13
BRDA:190,18,0,14
BRDA:190,18,1,14
BRDA:215,19,0,1
BRDA:215,19,1,1
BRDA:223,20,0,0
BRDA:223,20,1,1
BRDA:223,21,0,1
BRDA:223,21,1,1
BRDA:249,22,0,0
BRDA:249,22,1,1
BRF:58
BRH:45
end_of_record
TN:
SF:src\routes\vendors.ts
FN:12,(anonymous_8)
FN:12,(anonymous_9)
FN:45,(anonymous_10)
FN:45,(anonymous_11)
FN:73,(anonymous_12)
FN:73,(anonymous_13)
FN:87,(anonymous_14)
FN:87,(anonymous_15)
FN:127,(anonymous_16)
FN:127,(anonymous_17)
FN:162,(anonymous_18)
FN:162,(anonymous_19)
FNF:12
FNH:12
FNDA:6,(anonymous_8)
FNDA:6,(anonymous_9)
FNDA:6,(anonymous_10)
FNDA:6,(anonymous_11)
FNDA:1,(anonymous_12)
FNDA:1,(anonymous_13)
FNDA:5,(anonymous_14)
FNDA:5,(anonymous_15)
FNDA:2,(anonymous_16)
FNDA:2,(anonymous_17)
FNDA:1,(anonymous_18)
FNDA:1,(anonymous_19)
DA:1,1
DA:2,1
DA:3,1
DA:4,1
DA:5,1
DA:7,1
DA:9,1
DA:12,6
DA:13,6
DA:14,6
DA:15,6
DA:16,0
DA:19,6
DA:20,6
DA:21,6
DA:22,6
DA:23,0
DA:26,6
DA:27,6
DA:28,6
DA:36,6
DA:37,6
DA:39,0
DA:40,0
DA:45,6
DA:46,6
DA:47,6
DA:48,6
DA:49,0
DA:52,6
DA:53,6
DA:54,6
DA:55,0
DA:58,6
DA:59,6
DA:60,6
DA:62,6
DA:64,0
DA:65,0
DA:73,1
DA:74,1
DA:75,1
DA:76,1
DA:77,1
DA:78,1
DA:80,0
DA:81,0
DA:87,5
DA:88,5
DA:89,5
DA:90,5
DA:92,5
DA:93,1
DA:96,4
DA:97,4
DA:100,4
DA:101,4
DA:103,4
DA:117,4
DA:118,4
DA:120,0
DA:121,0
DA:127,2
DA:128,2
DA:129,2
DA:130,2
DA:131,2
DA:133,2
DA:134,0
DA:136,2
DA:137,0
DA:140,2
DA:141,2
DA:142,2
DA:144,2
DA:145,2
DA:150,2
DA:151,1
DA:154,1
DA:156,0
DA:157,0
DA:162,1
DA:163,1
DA:164,1
DA:165,1
DA:167,1
DA:168,0
DA:171,1
DA:172,1
DA:176,1
DA:177,0
DA:180,1
DA:182,0
DA:183,0
DA:187,1
LF:95
LH:75
BRDA:15,0,0,0
BRDA:15,0,1,6
BRDA:15,1,0,6
BRDA:15,1,1,6
BRDA:15,1,2,6
BRDA:22,2,0,0
BRDA:22,2,1,6
BRDA:48,3,0,0
BRDA:48,3,1,6
BRDA:48,4,0,6
BRDA:48,4,1,6
BRDA:54,5,0,0
BRDA:54,5,1,6
BRDA:54,6,0,6
BRDA:54,6,1,6
BRDA:92,7,0,1
BRDA:92,7,1,4
BRDA:92,8,0,5
BRDA:92,8,1,5
BRDA:92,8,2,4
BRDA:101,9,0,4
BRDA:101,9,1,4
BRDA:101,10,0,4
BRDA:101,10,1,0
BRDA:101,11,0,4
BRDA:101,11,1,4
BRDA:106,12,0,4
BRDA:106,12,1,0
BRDA:109,13,0,4
BRDA:109,13,1,0
BRDA:110,14,0,4
BRDA:110,14,1,0
BRDA:111,15,0,4
BRDA:111,15,1,0
BRDA:114,16,0,4
BRDA:114,16,1,0
BRDA:133,17,0,0
BRDA:133,17,1,2
BRDA:133,18,0,2
BRDA:133,18,1,0
BRDA:136,19,0,0
BRDA:136,19,1,2
BRDA:141,20,0,2
BRDA:141,20,1,0
BRDA:142,21,0,1
BRDA:142,21,1,1
BRDA:150,22,0,1
BRDA:150,22,1,1
BRDA:167,23,0,0
BRDA:167,23,1,1
BRDA:176,24,0,0
BRDA:176,24,1,1
BRF:52
BRH:36
end_of_record
TN:
SF:src\routes\wishlist.ts
FN:9,(anonymous_7)
FN:9,(anonymous_8)
FN:41,(anonymous_9)
FN:41,(anonymous_10)
FN:63,(anonymous_11)
FN:63,(anonymous_12)
FNF:6
FNH:6
FNDA:3,(anonymous_7)
FNDA:3,(anonymous_8)
FNDA:2,(anonymous_9)
FNDA:2,(anonymous_10)
FNDA:1,(anonymous_11)
FNDA:1,(anonymous_12)
DA:1,1
DA:2,1
DA:3,1
DA:6,1
DA:9,3
DA:10,3
DA:11,3
DA:12,3
DA:14,3
DA:15,0
DA:18,3
DA:19,3
DA:20,3
DA:22,3
DA:23,0
DA:26,3
DA:27,3
DA:33,3
DA:35,0
DA:36,0
DA:41,2
DA:42,2
DA:43,2
DA:44,2
DA:45,2
DA:46,2
DA:48,2
DA:49,0
DA:52,2
DA:53,2
DA:55,2
DA:57,0
DA:58,0
DA:63,1
DA:64,1
DA:65,1
DA:66,1
DA:68,1
DA:69,0
DA:72,1
DA:73,1
DA:74,1
DA:79,1
DA:81,0
DA:82,0
DA:86,1
LF:46
LH:36
BRDA:14,0,0,0
BRDA:14,0,1,3
BRDA:22,1,0,0
BRDA:22,1,1,3
BRDA:48,2,0,0
BRDA:48,2,1,2
BRDA:68,3,0,0
BRDA:68,3,1,1
BRF:8
BRH:4
end_of_record
TN:
SF:src\utils\jwt.ts
FN:5,createAccessToken
FN:13,createRefreshToken
FN:21,verifyToken
FNF:3
FNH:3
FNDA:20,createAccessToken
FNDA:20,createRefreshToken
FNDA:27,verifyToken
DA:1,4
DA:2,4
DA:5,4
DA:7,20
DA:13,4
DA:15,20
DA:21,4
DA:23,27
LF:8
LH:8
BRF:0
BRH:0
end_of_record
